{"D:\\Zippy\\MARCOS\\apps\\backend\\src\\app.ts": {"path":"D:\\Zippy\\MARCOS\\apps\\backend\\src\\app.ts","statementMap":{"0":{"start":{"line":1,"column":0},"end":{"line":1,"column":30}},"1":{"start":{"line":2,"column":0},"end":{"line":2,"column":24}},"2":{"start":{"line":3,"column":0},"end":{"line":3,"column":28}},"3":{"start":{"line":4,"column":0},"end":{"line":4,"column":41}},"4":{"start":{"line":5,"column":0},"end":{"line":5,"column":24}},"5":{"start":{"line":6,"column":0},"end":{"line":6,"column":39}},"6":{"start":{"line":7,"column":0},"end":{"line":7,"column":64}},"7":{"start":{"line":8,"column":0},"end":{"line":8,"column":74}},"8":{"start":{"line":10,"column":12},"end":{"line":10,"column":21}},"9":{"start":{"line":39,"column":9},"end":{"line":39,"column":12}},"10":{"start":{"line":13,"column":0},"end":{"line":13,"column":78}},"11":{"start":{"line":16,"column":0},"end":{"line":18,"column":4}},"12":{"start":{"line":19,"column":0},"end":{"line":22,"column":4}},"13":{"start":{"line":23,"column":0},"end":{"line":23,"column":24}},"14":{"start":{"line":24,"column":0},"end":{"line":24,"column":48}},"15":{"start":{"line":25,"column":0},"end":{"line":25,"column":24}},"16":{"start":{"line":28,"column":0},"end":{"line":28,"column":27}},"17":{"start":{"line":31,"column":0},"end":{"line":31,"column":73}},"18":{"start":{"line":34,"column":0},"end":{"line":34,"column":27}},"19":{"start":{"line":37,"column":0},"end":{"line":37,"column":25}},"20":{"start":{"line":40,"column":0},"end":{"line":40,"column":19}}},"fnMap":{},"branchMap":{},"s":{"0":6,"1":6,"2":6,"3":6,"4":6,"5":6,"6":6,"7":6,"8":6,"9":6,"10":6,"11":6,"12":6,"13":6,"14":6,"15":6,"16":6,"17":6,"18":6,"19":6,"20":6},"f":{},"b":{}}
,"D:\\Zippy\\MARCOS\\apps\\backend\\src\\config\\db.ts": {"path":"D:\\Zippy\\MARCOS\\apps\\backend\\src\\config\\db.ts","statementMap":{"0":{"start":{"line":1,"column":0},"end":{"line":1,"column":46}},"1":{"start":{"line":7,"column":13},"end":{"line":7,"column":62}},"2":{"start":{"line":9,"column":0},"end":{"line":11,"column":1}},"3":{"start":{"line":10,"column":2},"end":{"line":10,"column":29}},"4":{"start":{"line":13,"column":0},"end":{"line":13,"column":22}}},"fnMap":{},"branchMap":{"0":{"loc":{"start":{"line":7,"column":22},"end":{"line":7,"column":61}},"type":"binary-expr","locations":[{"start":{"line":7,"column":22},"end":{"line":7,"column":39}},{"start":{"line":7,"column":43},"end":{"line":7,"column":61}}]},"1":{"loc":{"start":{"line":9,"column":0},"end":{"line":11,"column":1}},"type":"if","locations":[{"start":{"line":9,"column":0},"end":{"line":11,"column":1}}]}},"s":{"0":8,"1":8,"2":8,"3":8,"4":8},"f":{},"b":{"0":[8,8],"1":[8]}}
,"D:\\Zippy\\MARCOS\\apps\\backend\\src\\config\\env.ts": {"path":"D:\\Zippy\\MARCOS\\apps\\backend\\src\\config\\env.ts","statementMap":{"0":{"start":{"line":1,"column":0},"end":{"line":1,"column":28}},"1":{"start":{"line":2,"column":0},"end":{"line":2,"column":24}},"2":{"start":{"line":4,"column":0},"end":{"line":4,"column":16}},"3":{"start":{"line":6,"column":18},"end":{"line":36,"column":2}},"4":{"start":{"line":38,"column":15},"end":{"line":38,"column":47}},"5":{"start":{"line":40,"column":0},"end":{"line":43,"column":1}},"6":{"start":{"line":41,"column":2},"end":{"line":41,"column":75}},"7":{"start":{"line":42,"column":2},"end":{"line":42,"column":18}},"8":{"start":{"line":45,"column":13},"end":{"line":45,"column":31}},"9":{"start":{"line":47,"column":0},"end":{"line":47,"column":19}}},"fnMap":{},"branchMap":{"0":{"loc":{"start":{"line":40,"column":0},"end":{"line":43,"column":1}},"type":"if","locations":[{"start":{"line":40,"column":0},"end":{"line":43,"column":1}}]}},"s":{"0":8,"1":8,"2":8,"3":8,"4":8,"5":8,"6":0,"7":0,"8":8,"9":8},"f":{},"b":{"0":[0]}}
,"D:\\Zippy\\MARCOS\\apps\\backend\\src\\config\\redis.ts": {"path":"D:\\Zippy\\MARCOS\\apps\\backend\\src\\config\\redis.ts","statementMap":{"0":{"start":{"line":1,"column":0},"end":{"line":1,"column":28}},"1":{"start":{"line":2,"column":0},"end":{"line":2,"column":27}},"2":{"start":{"line":6,"column":0},"end":{"line":21,"column":1}},"3":{"start":{"line":9,"column":2},"end":{"line":16,"column":3}},"4":{"start":{"line":10,"column":22},"end":{"line":10,"column":45}},"5":{"start":{"line":11,"column":4},"end":{"line":11,"column":28}},"6":{"start":{"line":13,"column":4},"end":{"line":15,"column":7}},"7":{"start":{"line":18,"column":2},"end":{"line":20,"column":5}},"8":{"start":{"line":23,"column":0},"end":{"line":25,"column":3}},"9":{"start":{"line":24,"column":2},"end":{"line":24,"column":44}},"10":{"start":{"line":28,"column":0},"end":{"line":28,"column":21}}},"fnMap":{"0":{"name":"(anonymous_1)","decl":{"start":{"line":23,"column":18},"end":{"line":23,"column":19}},"loc":{"start":{"line":23,"column":26},"end":{"line":25,"column":1}}}},"branchMap":{"0":{"loc":{"start":{"line":6,"column":0},"end":{"line":21,"column":1}},"type":"if","locations":[{"start":{"line":6,"column":0},"end":{"line":21,"column":1}},{"start":{"line":17,"column":7},"end":{"line":21,"column":1}}]}},"s":{"0":8,"1":8,"2":8,"3":8,"4":8,"5":8,"6":0,"7":0,"8":8,"9":0,"10":8},"f":{"0":0},"b":{"0":[8,0]}}
,"D:\\Zippy\\MARCOS\\apps\\backend\\src\\controllers\\admin.controller.ts": {"path":"D:\\Zippy\\MARCOS\\apps\\backend\\src\\controllers\\admin.controller.ts","statementMap":{"0":{"start":{"line":2,"column":0},"end":{"line":2,"column":24}},"1":{"start":{"line":3,"column":0},"end":{"line":3,"column":37}},"2":{"start":{"line":5,"column":13},"end":{"line":11,"column":3}},"3":{"start":{"line":19,"column":4},"end":{"line":105,"column":5}},"4":{"start":{"line":26,"column":10},"end":{"line":34,"column":8}},"5":{"start":{"line":36,"column":27},"end":{"line":36,"column":77}},"6":{"start":{"line":39,"column":27},"end":{"line":43,"column":8}},"7":{"start":{"line":47,"column":27},"end":{"line":47,"column":37}},"8":{"start":{"line":48,"column":6},"end":{"line":48,"column":57}},"9":{"start":{"line":50,"column":28},"end":{"line":59,"column":8}},"10":{"start":{"line":62,"column":21},"end":{"line":62,"column":105}},"11":{"start":{"line":63,"column":23},"end":{"line":63,"column":48}},"12":{"start":{"line":65,"column":6},"end":{"line":70,"column":7}},"13":{"start":{"line":65,"column":19},"end":{"line":65,"column":20}},"14":{"start":{"line":66,"column":18},"end":{"line":66,"column":28}},"15":{"start":{"line":67,"column":8},"end":{"line":67,"column":37}},"16":{"start":{"line":68,"column":20},"end":{"line":68,"column":88}},"17":{"start":{"line":69,"column":8},"end":{"line":69,"column":29}},"18":{"start":{"line":72,"column":6},"end":{"line":78,"column":9}},"19":{"start":{"line":73,"column":26},"end":{"line":73,"column":47}},"20":{"start":{"line":74,"column":20},"end":{"line":74,"column":104}},"21":{"start":{"line":75,"column":8},"end":{"line":77,"column":9}},"22":{"start":{"line":76,"column":10},"end":{"line":76,"column":74}},"23":{"start":{"line":80,"column":24},"end":{"line":83,"column":9}},"24":{"start":{"line":80,"column":82},"end":{"line":83,"column":8}},"25":{"start":{"line":85,"column":6},"end":{"line":102,"column":9}},"26":{"start":{"line":92,"column":54},"end":{"line":99,"column":12}},"27":{"start":{"line":104,"column":6},"end":{"line":104,"column":18}},"28":{"start":{"line":113,"column":22},"end":{"line":113,"column":31}},"29":{"start":{"line":114,"column":39},"end":{"line":114,"column":47}},"30":{"start":{"line":116,"column":4},"end":{"line":175,"column":5}},"31":{"start":{"line":117,"column":19},"end":{"line":119,"column":8}},"32":{"start":{"line":121,"column":6},"end":{"line":123,"column":7}},"33":{"start":{"line":122,"column":8},"end":{"line":122,"column":83}},"34":{"start":{"line":125,"column":25},"end":{"line":125,"column":52}},"35":{"start":{"line":126,"column":6},"end":{"line":131,"column":7}},"36":{"start":{"line":127,"column":8},"end":{"line":130,"column":11}},"37":{"start":{"line":134,"column":26},"end":{"line":163,"column":8}},"38":{"start":{"line":135,"column":24},"end":{"line":138,"column":10}},"39":{"start":{"line":140,"column":8},"end":{"line":146,"column":11}},"40":{"start":{"line":149,"column":8},"end":{"line":160,"column":11}},"41":{"start":{"line":162,"column":8},"end":{"line":162,"column":23}},"42":{"start":{"line":165,"column":6},"end":{"line":172,"column":9}},"43":{"start":{"line":174,"column":6},"end":{"line":174,"column":18}},"44":{"start":{"line":13,"column":0},"end":{"line":13,"column":13}}},"fnMap":{"0":{"name":"(anonymous_1)","decl":{"start":{"line":18,"column":2},"end":{"line":18,"column":8}},"loc":{"start":{"line":18,"column":75},"end":{"line":106,"column":3}}},"1":{"name":"(anonymous_2)","decl":{"start":{"line":72,"column":28},"end":{"line":72,"column":29}},"loc":{"start":{"line":72,"column":39},"end":{"line":78,"column":7}}},"2":{"name":"(anonymous_3)","decl":{"start":{"line":80,"column":59},"end":{"line":80,"column":60}},"loc":{"start":{"line":80,"column":82},"end":{"line":83,"column":8}}},"3":{"name":"(anonymous_4)","decl":{"start":{"line":92,"column":41},"end":{"line":92,"column":42}},"loc":{"start":{"line":92,"column":54},"end":{"line":99,"column":12}}},"4":{"name":"(anonymous_5)","decl":{"start":{"line":112,"column":2},"end":{"line":112,"column":8}},"loc":{"start":{"line":112,"column":75},"end":{"line":176,"column":3}}},"5":{"name":"(anonymous_6)","decl":{"start":{"line":134,"column":52},"end":{"line":134,"column":57}},"loc":{"start":{"line":134,"column":70},"end":{"line":163,"column":7}}}},"branchMap":{"0":{"loc":{"start":{"line":36,"column":34},"end":{"line":36,"column":76}},"type":"binary-expr","locations":[{"start":{"line":36,"column":34},"end":{"line":36,"column":71}},{"start":{"line":36,"column":75},"end":{"line":36,"column":76}}]},"1":{"loc":{"start":{"line":75,"column":8},"end":{"line":77,"column":9}},"type":"if","locations":[{"start":{"line":75,"column":8},"end":{"line":77,"column":9}}]},"2":{"loc":{"start":{"line":95,"column":26},"end":{"line":95,"column":62}},"type":"binary-expr","locations":[{"start":{"line":95,"column":26},"end":{"line":95,"column":42}},{"start":{"line":95,"column":46},"end":{"line":95,"column":62}}]},"3":{"loc":{"start":{"line":121,"column":6},"end":{"line":123,"column":7}},"type":"if","locations":[{"start":{"line":121,"column":6},"end":{"line":123,"column":7}}]},"4":{"loc":{"start":{"line":126,"column":6},"end":{"line":131,"column":7}},"type":"if","locations":[{"start":{"line":126,"column":6},"end":{"line":131,"column":7}}]}},"s":{"0":6,"1":6,"2":6,"3":0,"4":0,"5":0,"6":0,"7":0,"8":0,"9":0,"10":0,"11":0,"12":0,"13":0,"14":0,"15":0,"16":0,"17":0,"18":0,"19":0,"20":0,"21":0,"22":0,"23":0,"24":0,"25":0,"26":0,"27":0,"28":0,"29":0,"30":0,"31":0,"32":0,"33":0,"34":0,"35":0,"36":0,"37":0,"38":0,"39":0,"40":0,"41":0,"42":0,"43":0,"44":6},"f":{"0":0,"1":0,"2":0,"3":0,"4":0,"5":0},"b":{"0":[0,0],"1":[0],"2":[0,0],"3":[0],"4":[0]}}
,"D:\\Zippy\\MARCOS\\apps\\backend\\src\\controllers\\appointment.controller.ts": {"path":"D:\\Zippy\\MARCOS\\apps\\backend\\src\\controllers\\appointment.controller.ts","statementMap":{"0":{"start":{"line":2,"column":0},"end":{"line":2,"column":24}},"1":{"start":{"line":3,"column":0},"end":{"line":3,"column":37}},"2":{"start":{"line":4,"column":0},"end":{"line":4,"column":74}},"3":{"start":{"line":5,"column":0},"end":{"line":5,"column":52}},"4":{"start":{"line":7,"column":13},"end":{"line":15,"column":3}},"5":{"start":{"line":17,"column":13},"end":{"line":24,"column":3}},"6":{"start":{"line":31,"column":17},"end":{"line":31,"column":26}},"7":{"start":{"line":32,"column":73},"end":{"line":32,"column":89}},"8":{"start":{"line":33,"column":17},"end":{"line":33,"column":51}},"9":{"start":{"line":35,"column":4},"end":{"line":81,"column":5}},"10":{"start":{"line":36,"column":25},"end":{"line":36,"column":27}},"11":{"start":{"line":39,"column":6},"end":{"line":46,"column":7}},"12":{"start":{"line":40,"column":8},"end":{"line":40,"column":31}},"13":{"start":{"line":43,"column":8},"end":{"line":45,"column":9}},"14":{"start":{"line":44,"column":10},"end":{"line":44,"column":32}},"15":{"start":{"line":48,"column":6},"end":{"line":50,"column":7}},"16":{"start":{"line":49,"column":8},"end":{"line":49,"column":51}},"17":{"start":{"line":52,"column":6},"end":{"line":56,"column":7}},"18":{"start":{"line":53,"column":8},"end":{"line":53,"column":24}},"19":{"start":{"line":54,"column":8},"end":{"line":54,"column":60}},"20":{"start":{"line":54,"column":23},"end":{"line":54,"column":60}},"21":{"start":{"line":55,"column":8},"end":{"line":55,"column":56}},"22":{"start":{"line":55,"column":21},"end":{"line":55,"column":56}},"23":{"start":{"line":58,"column":36},"end":{"line":67,"column":8}},"24":{"start":{"line":69,"column":6},"end":{"line":78,"column":9}},"25":{"start":{"line":80,"column":6},"end":{"line":80,"column":18}},"26":{"start":{"line":88,"column":17},"end":{"line":88,"column":26}},"27":{"start":{"line":89,"column":57},"end":{"line":89,"column":65}},"28":{"start":{"line":91,"column":4},"end":{"line":137,"column":5}},"29":{"start":{"line":92,"column":30},"end":{"line":92,"column":44}},"30":{"start":{"line":95,"column":34},"end":{"line":101,"column":8}},"31":{"start":{"line":103,"column":6},"end":{"line":108,"column":7}},"32":{"start":{"line":104,"column":8},"end":{"line":107,"column":11}},"33":{"start":{"line":110,"column":26},"end":{"line":120,"column":8}},"34":{"start":{"line":123,"column":17},"end":{"line":123,"column":24}},"35":{"start":{"line":124,"column":6},"end":{"line":132,"column":7}},"36":{"start":{"line":125,"column":8},"end":{"line":131,"column":11}},"37":{"start":{"line":134,"column":6},"end":{"line":134,"column":72}},"38":{"start":{"line":136,"column":6},"end":{"line":136,"column":18}},"39":{"start":{"line":144,"column":17},"end":{"line":144,"column":26}},"40":{"start":{"line":145,"column":19},"end":{"line":145,"column":29}},"41":{"start":{"line":146,"column":46},"end":{"line":146,"column":54}},"42":{"start":{"line":148,"column":4},"end":{"line":211,"column":5}},"43":{"start":{"line":149,"column":26},"end":{"line":151,"column":8}},"44":{"start":{"line":153,"column":6},"end":{"line":155,"column":7}},"45":{"start":{"line":154,"column":8},"end":{"line":154,"column":90}},"46":{"start":{"line":158,"column":6},"end":{"line":160,"column":7}},"47":{"start":{"line":159,"column":8},"end":{"line":159,"column":107}},"48":{"start":{"line":163,"column":6},"end":{"line":174,"column":7}},"49":{"start":{"line":164,"column":32},"end":{"line":164,"column":68}},"50":{"start":{"line":165,"column":29},"end":{"line":165,"column":57}},"51":{"start":{"line":166,"column":27},"end":{"line":166,"column":45}},"52":{"start":{"line":168,"column":8},"end":{"line":173,"column":9}},"53":{"start":{"line":169,"column":10},"end":{"line":172,"column":13}},"54":{"start":{"line":177,"column":6},"end":{"line":196,"column":7}},"55":{"start":{"line":178,"column":26},"end":{"line":178,"column":66}},"56":{"start":{"line":179,"column":26},"end":{"line":179,"column":58}},"57":{"start":{"line":181,"column":25},"end":{"line":188,"column":10}},"58":{"start":{"line":190,"column":8},"end":{"line":195,"column":9}},"59":{"start":{"line":191,"column":10},"end":{"line":194,"column":13}},"60":{"start":{"line":198,"column":22},"end":{"line":206,"column":8}},"61":{"start":{"line":208,"column":6},"end":{"line":208,"column":68}},"62":{"start":{"line":210,"column":6},"end":{"line":210,"column":18}},"63":{"start":{"line":26,"column":0},"end":{"line":26,"column":13}}},"fnMap":{"0":{"name":"(anonymous_1)","decl":{"start":{"line":30,"column":2},"end":{"line":30,"column":8}},"loc":{"start":{"line":30,"column":78},"end":{"line":82,"column":3}}},"1":{"name":"(anonymous_2)","decl":{"start":{"line":87,"column":2},"end":{"line":87,"column":8}},"loc":{"start":{"line":87,"column":80},"end":{"line":138,"column":3}}},"2":{"name":"(anonymous_3)","decl":{"start":{"line":143,"column":2},"end":{"line":143,"column":8}},"loc":{"start":{"line":143,"column":80},"end":{"line":212,"column":3}}}},"branchMap":{"0":{"loc":{"start":{"line":32,"column":12},"end":{"line":32,"column":20}},"type":"default-arg","locations":[{"start":{"line":32,"column":19},"end":{"line":32,"column":20}}]},"1":{"loc":{"start":{"line":32,"column":22},"end":{"line":32,"column":32}},"type":"default-arg","locations":[{"start":{"line":32,"column":30},"end":{"line":32,"column":32}}]},"2":{"loc":{"start":{"line":39,"column":6},"end":{"line":46,"column":7}},"type":"if","locations":[{"start":{"line":39,"column":6},"end":{"line":46,"column":7}},{"start":{"line":41,"column":13},"end":{"line":46,"column":7}}]},"3":{"loc":{"start":{"line":43,"column":8},"end":{"line":45,"column":9}},"type":"if","locations":[{"start":{"line":43,"column":8},"end":{"line":45,"column":9}}]},"4":{"loc":{"start":{"line":48,"column":6},"end":{"line":50,"column":7}},"type":"if","locations":[{"start":{"line":48,"column":6},"end":{"line":50,"column":7}}]},"5":{"loc":{"start":{"line":52,"column":6},"end":{"line":56,"column":7}},"type":"if","locations":[{"start":{"line":52,"column":6},"end":{"line":56,"column":7}}]},"6":{"loc":{"start":{"line":52,"column":10},"end":{"line":52,"column":30}},"type":"binary-expr","locations":[{"start":{"line":52,"column":10},"end":{"line":52,"column":19}},{"start":{"line":52,"column":23},"end":{"line":52,"column":30}}]},"7":{"loc":{"start":{"line":54,"column":8},"end":{"line":54,"column":60}},"type":"if","locations":[{"start":{"line":54,"column":8},"end":{"line":54,"column":60}}]},"8":{"loc":{"start":{"line":55,"column":8},"end":{"line":55,"column":56}},"type":"if","locations":[{"start":{"line":55,"column":8},"end":{"line":55,"column":56}}]},"9":{"loc":{"start":{"line":103,"column":6},"end":{"line":108,"column":7}},"type":"if","locations":[{"start":{"line":103,"column":6},"end":{"line":108,"column":7}}]},"10":{"loc":{"start":{"line":124,"column":6},"end":{"line":132,"column":7}},"type":"if","locations":[{"start":{"line":124,"column":6},"end":{"line":132,"column":7}}]},"11":{"loc":{"start":{"line":153,"column":6},"end":{"line":155,"column":7}},"type":"if","locations":[{"start":{"line":153,"column":6},"end":{"line":155,"column":7}}]},"12":{"loc":{"start":{"line":158,"column":6},"end":{"line":160,"column":7}},"type":"if","locations":[{"start":{"line":158,"column":6},"end":{"line":160,"column":7}}]},"13":{"loc":{"start":{"line":158,"column":10},"end":{"line":158,"column":71}},"type":"binary-expr","locations":[{"start":{"line":158,"column":10},"end":{"line":158,"column":40}},{"start":{"line":158,"column":44},"end":{"line":158,"column":71}}]},"14":{"loc":{"start":{"line":163,"column":6},"end":{"line":174,"column":7}},"type":"if","locations":[{"start":{"line":163,"column":6},"end":{"line":174,"column":7}}]},"15":{"loc":{"start":{"line":163,"column":10},"end":{"line":163,"column":74}},"type":"binary-expr","locations":[{"start":{"line":163,"column":10},"end":{"line":163,"column":32}},{"start":{"line":163,"column":36},"end":{"line":163,"column":74}}]},"16":{"loc":{"start":{"line":168,"column":8},"end":{"line":173,"column":9}},"type":"if","locations":[{"start":{"line":168,"column":8},"end":{"line":173,"column":9}}]},"17":{"loc":{"start":{"line":177,"column":6},"end":{"line":196,"column":7}},"type":"if","locations":[{"start":{"line":177,"column":6},"end":{"line":196,"column":7}}]},"18":{"loc":{"start":{"line":177,"column":10},"end":{"line":177,"column":26}},"type":"binary-expr","locations":[{"start":{"line":177,"column":10},"end":{"line":177,"column":14}},{"start":{"line":177,"column":18},"end":{"line":177,"column":26}}]},"19":{"loc":{"start":{"line":178,"column":26},"end":{"line":178,"column":66}},"type":"cond-expr","locations":[{"start":{"line":178,"column":33},"end":{"line":178,"column":47}},{"start":{"line":178,"column":50},"end":{"line":178,"column":66}}]},"20":{"loc":{"start":{"line":179,"column":26},"end":{"line":179,"column":58}},"type":"binary-expr","locations":[{"start":{"line":179,"column":26},"end":{"line":179,"column":34}},{"start":{"line":179,"column":38},"end":{"line":179,"column":58}}]},"21":{"loc":{"start":{"line":190,"column":8},"end":{"line":195,"column":9}},"type":"if","locations":[{"start":{"line":190,"column":8},"end":{"line":195,"column":9}}]},"22":{"loc":{"start":{"line":201,"column":14},"end":{"line":201,"column":46}},"type":"binary-expr","locations":[{"start":{"line":201,"column":14},"end":{"line":201,"column":18}},{"start":{"line":201,"column":22},"end":{"line":201,"column":46}}]},"23":{"loc":{"start":{"line":202,"column":14},"end":{"line":202,"column":38}},"type":"binary-expr","locations":[{"start":{"line":202,"column":14},"end":{"line":202,"column":22}},{"start":{"line":202,"column":26},"end":{"line":202,"column":38}}]},"24":{"loc":{"start":{"line":203,"column":14},"end":{"line":203,"column":63}},"type":"binary-expr","locations":[{"start":{"line":203,"column":14},"end":{"line":203,"column":20}},{"start":{"line":203,"column":24},"end":{"line":203,"column":63}}]},"25":{"loc":{"start":{"line":204,"column":14},"end":{"line":204,"column":46}},"type":"binary-expr","locations":[{"start":{"line":204,"column":14},"end":{"line":204,"column":33}},{"start":{"line":204,"column":37},"end":{"line":204,"column":46}}]}},"s":{"0":6,"1":6,"2":6,"3":6,"4":6,"5":6,"6":3,"7":3,"8":3,"9":3,"10":3,"11":3,"12":1,"13":2,"14":0,"15":3,"16":1,"17":3,"18":0,"19":0,"20":0,"21":0,"22":0,"23":3,"24":3,"25":0,"26":2,"27":2,"28":2,"29":2,"30":2,"31":2,"32":1,"33":1,"34":1,"35":1,"36":1,"37":1,"38":0,"39":3,"40":3,"41":3,"42":3,"43":3,"44":3,"45":0,"46":3,"47":0,"48":3,"49":2,"50":2,"51":2,"52":2,"53":1,"54":2,"55":1,"56":1,"57":1,"58":1,"59":1,"60":1,"61":1,"62":0,"63":6},"f":{"0":3,"1":2,"2":3},"b":{"0":[3],"1":[3],"2":[1,2],"3":[0],"4":[1],"5":[0],"6":[3,3],"7":[0],"8":[0],"9":[1],"10":[1],"11":[0],"12":[0],"13":[3,0],"14":[2],"15":[3,1],"16":[1],"17":[1],"18":[2,1],"19":[1,0],"20":[1,0],"21":[1],"22":[1,0],"23":[1,0],"24":[1,1],"25":[1,0]}}
,"D:\\Zippy\\MARCOS\\apps\\backend\\src\\controllers\\auth.controller.ts": {"path":"D:\\Zippy\\MARCOS\\apps\\backend\\src\\controllers\\auth.controller.ts","statementMap":{"0":{"start":{"line":2,"column":0},"end":{"line":2,"column":24}},"1":{"start":{"line":3,"column":0},"end":{"line":3,"column":37}},"2":{"start":{"line":4,"column":0},"end":{"line":4,"column":39}},"3":{"start":{"line":5,"column":0},"end":{"line":5,"column":66}},"4":{"start":{"line":6,"column":0},"end":{"line":6,"column":54}},"5":{"start":{"line":7,"column":0},"end":{"line":7,"column":52}},"6":{"start":{"line":8,"column":0},"end":{"line":8,"column":56}},"7":{"start":{"line":9,"column":0},"end":{"line":9,"column":28}},"8":{"start":{"line":12,"column":13},"end":{"line":21,"column":3}},"9":{"start":{"line":24,"column":13},"end":{"line":29,"column":3}},"10":{"start":{"line":32,"column":13},"end":{"line":40,"column":3}},"11":{"start":{"line":36,"column":20},"end":{"line":36,"column":50}},"12":{"start":{"line":43,"column":13},"end":{"line":52,"column":3}},"13":{"start":{"line":48,"column":20},"end":{"line":48,"column":50}},"14":{"start":{"line":59,"column":4},"end":{"line":110,"column":5}},"15":{"start":{"line":60,"column":77},"end":{"line":60,"column":85}},"16":{"start":{"line":63,"column":27},"end":{"line":67,"column":8}},"17":{"start":{"line":69,"column":6},"end":{"line":71,"column":7}},"18":{"start":{"line":70,"column":8},"end":{"line":70,"column":109}},"19":{"start":{"line":73,"column":27},"end":{"line":73,"column":55}},"20":{"start":{"line":76,"column":27},"end":{"line":76,"column":137}},"21":{"start":{"line":78,"column":19},"end":{"line":88,"column":8}},"22":{"start":{"line":91,"column":26},"end":{"line":96,"column":8}},"23":{"start":{"line":98,"column":6},"end":{"line":107,"column":9}},"24":{"start":{"line":109,"column":6},"end":{"line":109,"column":18}},"25":{"start":{"line":117,"column":32},"end":{"line":117,"column":40}},"26":{"start":{"line":118,"column":23},"end":{"line":118,"column":70}},"27":{"start":{"line":120,"column":4},"end":{"line":173,"column":5}},"28":{"start":{"line":121,"column":19},"end":{"line":121,"column":69}},"29":{"start":{"line":122,"column":6},"end":{"line":125,"column":7}},"30":{"start":{"line":123,"column":8},"end":{"line":123,"column":74}},"31":{"start":{"line":124,"column":8},"end":{"line":124,"column":88}},"32":{"start":{"line":127,"column":30},"end":{"line":127,"column":79}},"33":{"start":{"line":128,"column":6},"end":{"line":131,"column":7}},"34":{"start":{"line":129,"column":8},"end":{"line":129,"column":74}},"35":{"start":{"line":130,"column":8},"end":{"line":130,"column":88}},"36":{"start":{"line":134,"column":6},"end":{"line":134,"column":47}},"37":{"start":{"line":135,"column":6},"end":{"line":135,"column":51}},"38":{"start":{"line":137,"column":22},"end":{"line":142,"column":8}},"39":{"start":{"line":144,"column":26},"end":{"line":144,"column":66}},"40":{"start":{"line":145,"column":27},"end":{"line":145,"column":74}},"41":{"start":{"line":147,"column":6},"end":{"line":170,"column":7}},"42":{"start":{"line":149,"column":8},"end":{"line":155,"column":11}},"43":{"start":{"line":157,"column":8},"end":{"line":161,"column":11}},"44":{"start":{"line":164,"column":8},"end":{"line":169,"column":11}},"45":{"start":{"line":172,"column":6},"end":{"line":172,"column":18}},"46":{"start":{"line":180,"column":21},"end":{"line":180,"column":44}},"47":{"start":{"line":181,"column":18},"end":{"line":181,"column":41}},"48":{"start":{"line":183,"column":23},"end":{"line":183,"column":49}},"49":{"start":{"line":184,"column":20},"end":{"line":184,"column":43}},"50":{"start":{"line":186,"column":4},"end":{"line":186,"column":59}},"51":{"start":{"line":186,"column":26},"end":{"line":186,"column":59}},"52":{"start":{"line":187,"column":4},"end":{"line":187,"column":53}},"53":{"start":{"line":187,"column":23},"end":{"line":187,"column":53}},"54":{"start":{"line":189,"column":4},"end":{"line":201,"column":5}},"55":{"start":{"line":191,"column":6},"end":{"line":200,"column":92}},"56":{"start":{"line":200,"column":29},"end":{"line":200,"column":90}},"57":{"start":{"line":208,"column":35},"end":{"line":208,"column":43}},"58":{"start":{"line":209,"column":23},"end":{"line":209,"column":43}},"59":{"start":{"line":211,"column":4},"end":{"line":238,"column":5}},"60":{"start":{"line":213,"column":24},"end":{"line":213,"column":69}},"61":{"start":{"line":214,"column":6},"end":{"line":219,"column":7}},"62":{"start":{"line":215,"column":8},"end":{"line":218,"column":11}},"63":{"start":{"line":222,"column":19},"end":{"line":222,"column":73}},"64":{"start":{"line":223,"column":25},"end":{"line":223,"column":79}},"65":{"start":{"line":226,"column":6},"end":{"line":226,"column":66}},"66":{"start":{"line":229,"column":6},"end":{"line":233,"column":7}},"67":{"start":{"line":230,"column":8},"end":{"line":230,"column":112}},"68":{"start":{"line":231,"column":13},"end":{"line":233,"column":7}},"69":{"start":{"line":232,"column":8},"end":{"line":232,"column":101}},"70":{"start":{"line":235,"column":6},"end":{"line":235,"column":101}},"71":{"start":{"line":237,"column":6},"end":{"line":237,"column":18}},"72":{"start":{"line":245,"column":41},"end":{"line":245,"column":49}},"73":{"start":{"line":246,"column":23},"end":{"line":246,"column":43}},"74":{"start":{"line":247,"column":23},"end":{"line":247,"column":70}},"75":{"start":{"line":249,"column":4},"end":{"line":323,"column":5}},"76":{"start":{"line":251,"column":24},"end":{"line":251,"column":69}},"77":{"start":{"line":252,"column":6},"end":{"line":254,"column":7}},"78":{"start":{"line":253,"column":8},"end":{"line":253,"column":120}},"79":{"start":{"line":256,"column":25},"end":{"line":256,"column":61}},"80":{"start":{"line":257,"column":29},"end":{"line":257,"column":83}},"81":{"start":{"line":259,"column":6},"end":{"line":280,"column":7}},"82":{"start":{"line":261,"column":24},"end":{"line":261,"column":48}},"83":{"start":{"line":262,"column":25},"end":{"line":262,"column":50}},"84":{"start":{"line":264,"column":8},"end":{"line":264,"column":61}},"85":{"start":{"line":264,"column":28},"end":{"line":264,"column":61}},"86":{"start":{"line":266,"column":8},"end":{"line":274,"column":9}},"87":{"start":{"line":268,"column":10},"end":{"line":268,"column":78}},"88":{"start":{"line":269,"column":10},"end":{"line":269,"column":35}},"89":{"start":{"line":270,"column":10},"end":{"line":273,"column":13}},"90":{"start":{"line":276,"column":8},"end":{"line":279,"column":11}},"91":{"start":{"line":283,"column":6},"end":{"line":283,"column":43}},"92":{"start":{"line":284,"column":6},"end":{"line":284,"column":48}},"93":{"start":{"line":287,"column":19},"end":{"line":289,"column":8}},"94":{"start":{"line":291,"column":6},"end":{"line":296,"column":7}},"95":{"start":{"line":292,"column":8},"end":{"line":295,"column":11}},"96":{"start":{"line":298,"column":22},"end":{"line":303,"column":8}},"97":{"start":{"line":305,"column":26},"end":{"line":305,"column":66}},"98":{"start":{"line":306,"column":27},"end":{"line":306,"column":74}},"99":{"start":{"line":308,"column":6},"end":{"line":320,"column":7}},"100":{"start":{"line":309,"column":8},"end":{"line":315,"column":11}},"101":{"start":{"line":317,"column":8},"end":{"line":317,"column":83}},"102":{"start":{"line":319,"column":8},"end":{"line":319,"column":97}},"103":{"start":{"line":322,"column":6},"end":{"line":322,"column":18}},"104":{"start":{"line":330,"column":16},"end":{"line":330,"column":101}},"105":{"start":{"line":332,"column":4},"end":{"line":334,"column":5}},"106":{"start":{"line":333,"column":6},"end":{"line":333,"column":92}},"107":{"start":{"line":336,"column":4},"end":{"line":355,"column":5}},"108":{"start":{"line":337,"column":67},"end":{"line":337,"column":104}},"109":{"start":{"line":338,"column":25},"end":{"line":338,"column":72}},"110":{"start":{"line":340,"column":6},"end":{"line":352,"column":7}},"111":{"start":{"line":341,"column":8},"end":{"line":347,"column":11}},"112":{"start":{"line":349,"column":8},"end":{"line":349,"column":74}},"113":{"start":{"line":351,"column":8},"end":{"line":351,"column":105}},"114":{"start":{"line":354,"column":6},"end":{"line":354,"column":78}},"115":{"start":{"line":362,"column":18},"end":{"line":362,"column":103}},"116":{"start":{"line":363,"column":23},"end":{"line":363,"column":48}},"117":{"start":{"line":365,"column":4},"end":{"line":379,"column":5}},"118":{"start":{"line":366,"column":6},"end":{"line":368,"column":7}},"119":{"start":{"line":367,"column":8},"end":{"line":367,"column":52}},"120":{"start":{"line":370,"column":6},"end":{"line":373,"column":7}},"121":{"start":{"line":371,"column":28},"end":{"line":371,"column":52}},"122":{"start":{"line":372,"column":8},"end":{"line":372,"column":60}},"123":{"start":{"line":375,"column":6},"end":{"line":375,"column":53}},"124":{"start":{"line":376,"column":6},"end":{"line":376,"column":89}},"125":{"start":{"line":378,"column":6},"end":{"line":378,"column":18}},"126":{"start":{"line":54,"column":0},"end":{"line":54,"column":13}}},"fnMap":{"0":{"name":"(anonymous_1)","decl":{"start":{"line":36,"column":12},"end":{"line":36,"column":16}},"loc":{"start":{"line":36,"column":20},"end":{"line":36,"column":50}}},"1":{"name":"(anonymous_2)","decl":{"start":{"line":48,"column":12},"end":{"line":48,"column":16}},"loc":{"start":{"line":48,"column":20},"end":{"line":48,"column":50}}},"2":{"name":"(anonymous_3)","decl":{"start":{"line":58,"column":2},"end":{"line":58,"column":8}},"loc":{"start":{"line":58,"column":71},"end":{"line":111,"column":3}}},"3":{"name":"(anonymous_4)","decl":{"start":{"line":116,"column":2},"end":{"line":116,"column":8}},"loc":{"start":{"line":116,"column":68},"end":{"line":174,"column":3}}},"4":{"name":"(anonymous_5)","decl":{"start":{"line":179,"column":10},"end":{"line":179,"column":16}},"loc":{"start":{"line":179,"column":65},"end":{"line":202,"column":3}}},"5":{"name":"(anonymous_6)","decl":{"start":{"line":200,"column":15},"end":{"line":200,"column":16}},"loc":{"start":{"line":200,"column":29},"end":{"line":200,"column":90}}},"6":{"name":"(anonymous_7)","decl":{"start":{"line":207,"column":2},"end":{"line":207,"column":8}},"loc":{"start":{"line":207,"column":70},"end":{"line":239,"column":3}}},"7":{"name":"(anonymous_8)","decl":{"start":{"line":244,"column":2},"end":{"line":244,"column":8}},"loc":{"start":{"line":244,"column":72},"end":{"line":324,"column":3}}},"8":{"name":"(anonymous_9)","decl":{"start":{"line":329,"column":2},"end":{"line":329,"column":8}},"loc":{"start":{"line":329,"column":70},"end":{"line":356,"column":3}}},"9":{"name":"(anonymous_10)","decl":{"start":{"line":361,"column":2},"end":{"line":361,"column":8}},"loc":{"start":{"line":361,"column":69},"end":{"line":380,"column":3}}}},"branchMap":{"0":{"loc":{"start":{"line":36,"column":20},"end":{"line":36,"column":50}},"type":"binary-expr","locations":[{"start":{"line":36,"column":20},"end":{"line":36,"column":36}},{"start":{"line":36,"column":40},"end":{"line":36,"column":50}}]},"1":{"loc":{"start":{"line":48,"column":20},"end":{"line":48,"column":50}},"type":"binary-expr","locations":[{"start":{"line":48,"column":20},"end":{"line":48,"column":36}},{"start":{"line":48,"column":40},"end":{"line":48,"column":50}}]},"2":{"loc":{"start":{"line":69,"column":6},"end":{"line":71,"column":7}},"type":"if","locations":[{"start":{"line":69,"column":6},"end":{"line":71,"column":7}}]},"3":{"loc":{"start":{"line":86,"column":16},"end":{"line":86,"column":34}},"type":"binary-expr","locations":[{"start":{"line":86,"column":16},"end":{"line":86,"column":20}},{"start":{"line":86,"column":24},"end":{"line":86,"column":34}}]},"4":{"loc":{"start":{"line":118,"column":23},"end":{"line":118,"column":70}},"type":"binary-expr","locations":[{"start":{"line":118,"column":23},"end":{"line":118,"column":61}},{"start":{"line":118,"column":65},"end":{"line":118,"column":70}}]},"5":{"loc":{"start":{"line":122,"column":6},"end":{"line":125,"column":7}},"type":"if","locations":[{"start":{"line":122,"column":6},"end":{"line":125,"column":7}}]},"6":{"loc":{"start":{"line":123,"column":53},"end":{"line":123,"column":72}},"type":"binary-expr","locations":[{"start":{"line":123,"column":53},"end":{"line":123,"column":59}},{"start":{"line":123,"column":63},"end":{"line":123,"column":72}}]},"7":{"loc":{"start":{"line":128,"column":6},"end":{"line":131,"column":7}},"type":"if","locations":[{"start":{"line":128,"column":6},"end":{"line":131,"column":7}}]},"8":{"loc":{"start":{"line":129,"column":53},"end":{"line":129,"column":72}},"type":"binary-expr","locations":[{"start":{"line":129,"column":53},"end":{"line":129,"column":59}},{"start":{"line":129,"column":63},"end":{"line":129,"column":72}}]},"9":{"loc":{"start":{"line":147,"column":6},"end":{"line":170,"column":7}},"type":"if","locations":[{"start":{"line":147,"column":6},"end":{"line":170,"column":7}},{"start":{"line":162,"column":13},"end":{"line":170,"column":7}}]},"10":{"loc":{"start":{"line":147,"column":10},"end":{"line":147,"column":85}},"type":"binary-expr","locations":[{"start":{"line":147,"column":10},"end":{"line":147,"column":30}},{"start":{"line":147,"column":34},"end":{"line":147,"column":55}},{"start":{"line":147,"column":59},"end":{"line":147,"column":85}}]},"11":{"loc":{"start":{"line":186,"column":4},"end":{"line":186,"column":59}},"type":"if","locations":[{"start":{"line":186,"column":4},"end":{"line":186,"column":59}}]},"12":{"loc":{"start":{"line":187,"column":4},"end":{"line":187,"column":53}},"type":"if","locations":[{"start":{"line":187,"column":4},"end":{"line":187,"column":53}}]},"13":{"loc":{"start":{"line":189,"column":4},"end":{"line":201,"column":5}},"type":"if","locations":[{"start":{"line":189,"column":4},"end":{"line":201,"column":5}}]},"14":{"loc":{"start":{"line":189,"column":8},"end":{"line":189,"column":39}},"type":"binary-expr","locations":[{"start":{"line":189,"column":8},"end":{"line":189,"column":23}},{"start":{"line":189,"column":27},"end":{"line":189,"column":39}}]},"15":{"loc":{"start":{"line":209,"column":23},"end":{"line":209,"column":43}},"type":"binary-expr","locations":[{"start":{"line":209,"column":23},"end":{"line":209,"column":34}},{"start":{"line":209,"column":38},"end":{"line":209,"column":43}}]},"16":{"loc":{"start":{"line":214,"column":6},"end":{"line":219,"column":7}},"type":"if","locations":[{"start":{"line":214,"column":6},"end":{"line":219,"column":7}}]},"17":{"loc":{"start":{"line":229,"column":6},"end":{"line":233,"column":7}},"type":"if","locations":[{"start":{"line":229,"column":6},"end":{"line":233,"column":7}},{"start":{"line":231,"column":13},"end":{"line":233,"column":7}}]},"18":{"loc":{"start":{"line":231,"column":13},"end":{"line":233,"column":7}},"type":"if","locations":[{"start":{"line":231,"column":13},"end":{"line":233,"column":7}}]},"19":{"loc":{"start":{"line":246,"column":23},"end":{"line":246,"column":43}},"type":"binary-expr","locations":[{"start":{"line":246,"column":23},"end":{"line":246,"column":34}},{"start":{"line":246,"column":38},"end":{"line":246,"column":43}}]},"20":{"loc":{"start":{"line":247,"column":23},"end":{"line":247,"column":70}},"type":"binary-expr","locations":[{"start":{"line":247,"column":23},"end":{"line":247,"column":61}},{"start":{"line":247,"column":65},"end":{"line":247,"column":70}}]},"21":{"loc":{"start":{"line":252,"column":6},"end":{"line":254,"column":7}},"type":"if","locations":[{"start":{"line":252,"column":6},"end":{"line":254,"column":7}}]},"22":{"loc":{"start":{"line":259,"column":6},"end":{"line":280,"column":7}},"type":"if","locations":[{"start":{"line":259,"column":6},"end":{"line":280,"column":7}}]},"23":{"loc":{"start":{"line":259,"column":10},"end":{"line":259,"column":54}},"type":"binary-expr","locations":[{"start":{"line":259,"column":10},"end":{"line":259,"column":21}},{"start":{"line":259,"column":25},"end":{"line":259,"column":54}}]},"24":{"loc":{"start":{"line":264,"column":8},"end":{"line":264,"column":61}},"type":"if","locations":[{"start":{"line":264,"column":8},"end":{"line":264,"column":61}}]},"25":{"loc":{"start":{"line":266,"column":8},"end":{"line":274,"column":9}},"type":"if","locations":[{"start":{"line":266,"column":8},"end":{"line":274,"column":9}}]},"26":{"loc":{"start":{"line":288,"column":15},"end":{"line":288,"column":56}},"type":"cond-expr","locations":[{"start":{"line":288,"column":29},"end":{"line":288,"column":44}},{"start":{"line":288,"column":47},"end":{"line":288,"column":56}}]},"27":{"loc":{"start":{"line":291,"column":6},"end":{"line":296,"column":7}},"type":"if","locations":[{"start":{"line":291,"column":6},"end":{"line":296,"column":7}}]},"28":{"loc":{"start":{"line":308,"column":6},"end":{"line":320,"column":7}},"type":"if","locations":[{"start":{"line":308,"column":6},"end":{"line":320,"column":7}},{"start":{"line":318,"column":13},"end":{"line":320,"column":7}}]},"29":{"loc":{"start":{"line":308,"column":10},"end":{"line":308,"column":85}},"type":"binary-expr","locations":[{"start":{"line":308,"column":10},"end":{"line":308,"column":30}},{"start":{"line":308,"column":34},"end":{"line":308,"column":55}},{"start":{"line":308,"column":59},"end":{"line":308,"column":85}}]},"30":{"loc":{"start":{"line":330,"column":16},"end":{"line":330,"column":101}},"type":"binary-expr","locations":[{"start":{"line":330,"column":16},"end":{"line":330,"column":41}},{"start":{"line":330,"column":45},"end":{"line":330,"column":67}},{"start":{"line":330,"column":71},"end":{"line":330,"column":101}}]},"31":{"loc":{"start":{"line":332,"column":4},"end":{"line":334,"column":5}},"type":"if","locations":[{"start":{"line":332,"column":4},"end":{"line":334,"column":5}}]},"32":{"loc":{"start":{"line":338,"column":25},"end":{"line":338,"column":72}},"type":"binary-expr","locations":[{"start":{"line":338,"column":25},"end":{"line":338,"column":63}},{"start":{"line":338,"column":67},"end":{"line":338,"column":72}}]},"33":{"loc":{"start":{"line":340,"column":6},"end":{"line":352,"column":7}},"type":"if","locations":[{"start":{"line":340,"column":6},"end":{"line":352,"column":7}},{"start":{"line":350,"column":13},"end":{"line":352,"column":7}}]},"34":{"loc":{"start":{"line":340,"column":10},"end":{"line":340,"column":85}},"type":"binary-expr","locations":[{"start":{"line":340,"column":10},"end":{"line":340,"column":30}},{"start":{"line":340,"column":34},"end":{"line":340,"column":55}},{"start":{"line":340,"column":59},"end":{"line":340,"column":85}}]},"35":{"loc":{"start":{"line":362,"column":18},"end":{"line":362,"column":103}},"type":"binary-expr","locations":[{"start":{"line":362,"column":18},"end":{"line":362,"column":43}},{"start":{"line":362,"column":47},"end":{"line":362,"column":69}},{"start":{"line":362,"column":73},"end":{"line":362,"column":103}}]},"36":{"loc":{"start":{"line":366,"column":6},"end":{"line":368,"column":7}},"type":"if","locations":[{"start":{"line":366,"column":6},"end":{"line":368,"column":7}}]},"37":{"loc":{"start":{"line":370,"column":6},"end":{"line":373,"column":7}},"type":"if","locations":[{"start":{"line":370,"column":6},"end":{"line":373,"column":7}}]},"38":{"loc":{"start":{"line":370,"column":10},"end":{"line":370,"column":56}},"type":"binary-expr","locations":[{"start":{"line":370,"column":10},"end":{"line":370,"column":20}},{"start":{"line":370,"column":24},"end":{"line":370,"column":56}}]}},"s":{"0":6,"1":6,"2":6,"3":6,"4":6,"5":6,"6":6,"7":6,"8":6,"9":6,"10":6,"11":3,"12":6,"13":5,"14":1,"15":1,"16":1,"17":1,"18":0,"19":1,"20":1,"21":1,"22":1,"23":1,"24":0,"25":15,"26":15,"27":15,"28":15,"29":15,"30":11,"31":11,"32":4,"33":4,"34":0,"35":0,"36":4,"37":4,"38":4,"39":4,"40":4,"41":4,"42":1,"43":1,"44":3,"45":0,"46":11,"47":11,"48":11,"49":11,"50":11,"51":1,"52":11,"53":1,"54":11,"55":1,"56":0,"57":3,"58":3,"59":3,"60":3,"61":3,"62":1,"63":2,"64":2,"65":2,"66":2,"67":2,"68":0,"69":0,"70":2,"71":0,"72":5,"73":5,"74":5,"75":5,"76":5,"77":5,"78":0,"79":5,"80":5,"81":5,"82":4,"83":4,"84":4,"85":2,"86":4,"87":1,"88":1,"89":1,"90":3,"91":1,"92":1,"93":1,"94":1,"95":0,"96":1,"97":1,"98":1,"99":1,"100":1,"101":1,"102":0,"103":0,"104":3,"105":3,"106":0,"107":3,"108":3,"109":1,"110":1,"111":0,"112":0,"113":1,"114":2,"115":1,"116":1,"117":1,"118":1,"119":1,"120":1,"121":1,"122":1,"123":1,"124":1,"125":0,"126":6},"f":{"0":3,"1":5,"2":1,"3":15,"4":11,"5":0,"6":3,"7":5,"8":3,"9":1},"b":{"0":[3,0],"1":[5,0],"2":[0],"3":[1,1],"4":[15,11],"5":[11],"6":[11,0],"7":[0],"8":[0,0],"9":[1,3],"10":[4,3,3],"11":[1],"12":[1],"13":[1],"14":[11,10],"15":[3,0],"16":[1],"17":[2,0],"18":[0],"19":[5,0],"20":[5,5],"21":[0],"22":[4],"23":[5,5],"24":[2],"25":[1],"26":[1,0],"27":[0],"28":[1,0],"29":[1,0,0],"30":[3,3,0],"31":[0],"32":[1,0],"33":[0,1],"34":[1,1,1],"35":[1,1,0],"36":[1],"37":[1],"38":[1,1]}}
,"D:\\Zippy\\MARCOS\\apps\\backend\\src\\controllers\\billing.controller.ts": {"path":"D:\\Zippy\\MARCOS\\apps\\backend\\src\\controllers\\billing.controller.ts","statementMap":{"0":{"start":{"line":2,"column":0},"end":{"line":2,"column":24}},"1":{"start":{"line":3,"column":0},"end":{"line":3,"column":37}},"2":{"start":{"line":4,"column":0},"end":{"line":4,"column":35}},"3":{"start":{"line":5,"column":0},"end":{"line":5,"column":54}},"4":{"start":{"line":6,"column":0},"end":{"line":6,"column":61}},"5":{"start":{"line":7,"column":0},"end":{"line":7,"column":52}},"6":{"start":{"line":8,"column":0},"end":{"line":8,"column":28}},"7":{"start":{"line":10,"column":13},"end":{"line":22,"column":3}},"8":{"start":{"line":30,"column":77},"end":{"line":30,"column":85}},"9":{"start":{"line":32,"column":4},"end":{"line":127,"column":5}},"10":{"start":{"line":34,"column":20},"end":{"line":100,"column":8}},"11":{"start":{"line":35,"column":23},"end":{"line":35,"column":24}},"12":{"start":{"line":37,"column":8},"end":{"line":58,"column":9}},"13":{"start":{"line":38,"column":26},"end":{"line":38,"column":88}},"14":{"start":{"line":39,"column":10},"end":{"line":41,"column":11}},"15":{"start":{"line":40,"column":12},"end":{"line":40,"column":67}},"16":{"start":{"line":43,"column":10},"end":{"line":45,"column":11}},"17":{"start":{"line":44,"column":12},"end":{"line":44,"column":138}},"18":{"start":{"line":48,"column":25},"end":{"line":48,"column":61}},"19":{"start":{"line":49,"column":10},"end":{"line":55,"column":13}},"20":{"start":{"line":57,"column":10},"end":{"line":57,"column":57}},"21":{"start":{"line":61,"column":24},"end":{"line":61,"column":28}},"22":{"start":{"line":62,"column":26},"end":{"line":62,"column":63}},"23":{"start":{"line":63,"column":28},"end":{"line":63,"column":36}},"24":{"start":{"line":64,"column":30},"end":{"line":64,"column":69}},"25":{"start":{"line":66,"column":30},"end":{"line":66,"column":92}},"26":{"start":{"line":69,"column":25},"end":{"line":85,"column":10}},"27":{"start":{"line":88,"column":8},"end":{"line":97,"column":9}},"28":{"start":{"line":89,"column":10},"end":{"line":96,"column":13}},"29":{"start":{"line":99,"column":8},"end":{"line":99,"column":24}},"30":{"start":{"line":103,"column":6},"end":{"line":103,"column":51}},"31":{"start":{"line":106,"column":6},"end":{"line":108,"column":7}},"32":{"start":{"line":107,"column":8},"end":{"line":107,"column":71}},"33":{"start":{"line":111,"column":17},"end":{"line":111,"column":24}},"34":{"start":{"line":112,"column":6},"end":{"line":118,"column":7}},"35":{"start":{"line":113,"column":8},"end":{"line":117,"column":11}},"36":{"start":{"line":120,"column":6},"end":{"line":124,"column":9}},"37":{"start":{"line":126,"column":6},"end":{"line":126,"column":78}},"38":{"start":{"line":135,"column":24},"end":{"line":135,"column":34}},"39":{"start":{"line":138,"column":20},"end":{"line":138,"column":28}},"40":{"start":{"line":139,"column":4},"end":{"line":141,"column":5}},"41":{"start":{"line":140,"column":6},"end":{"line":140,"column":93}},"42":{"start":{"line":143,"column":4},"end":{"line":242,"column":5}},"43":{"start":{"line":144,"column":23},"end":{"line":144,"column":28}},"44":{"start":{"line":145,"column":20},"end":{"line":145,"column":22}},"45":{"start":{"line":146,"column":27},"end":{"line":146,"column":48}},"46":{"start":{"line":147,"column":26},"end":{"line":147,"column":28}},"47":{"start":{"line":148,"column":29},"end":{"line":148,"column":31}},"48":{"start":{"line":150,"column":6},"end":{"line":198,"column":7}},"49":{"start":{"line":151,"column":26},"end":{"line":151,"column":67}},"50":{"start":{"line":152,"column":23},"end":{"line":152,"column":48}},"51":{"start":{"line":154,"column":8},"end":{"line":166,"column":9}},"52":{"start":{"line":156,"column":10},"end":{"line":156,"column":28}},"53":{"start":{"line":157,"column":10},"end":{"line":157,"column":55}},"54":{"start":{"line":158,"column":10},"end":{"line":158,"column":100}},"55":{"start":{"line":159,"column":10},"end":{"line":159,"column":61}},"56":{"start":{"line":165,"column":10},"end":{"line":165,"column":28}},"57":{"start":{"line":167,"column":13},"end":{"line":198,"column":7}},"58":{"start":{"line":168,"column":34},"end":{"line":168,"column":79}},"59":{"start":{"line":169,"column":23},"end":{"line":169,"column":50}},"60":{"start":{"line":171,"column":8},"end":{"line":197,"column":9}},"61":{"start":{"line":172,"column":10},"end":{"line":172,"column":28}},"62":{"start":{"line":173,"column":10},"end":{"line":173,"column":55}},"63":{"start":{"line":174,"column":10},"end":{"line":174,"column":53}},"64":{"start":{"line":175,"column":10},"end":{"line":175,"column":70}},"65":{"start":{"line":178,"column":37},"end":{"line":181,"column":26}},"66":{"start":{"line":183,"column":25},"end":{"line":183,"column":65}},"67":{"start":{"line":184,"column":25},"end":{"line":184,"column":70}},"68":{"start":{"line":186,"column":10},"end":{"line":190,"column":11}},"69":{"start":{"line":187,"column":12},"end":{"line":187,"column":64}},"70":{"start":{"line":189,"column":12},"end":{"line":189,"column":31}},"71":{"start":{"line":192,"column":10},"end":{"line":196,"column":11}},"72":{"start":{"line":193,"column":12},"end":{"line":193,"column":57}},"73":{"start":{"line":194,"column":12},"end":{"line":194,"column":75}},"74":{"start":{"line":195,"column":12},"end":{"line":195,"column":69}},"75":{"start":{"line":200,"column":6},"end":{"line":202,"column":7}},"76":{"start":{"line":201,"column":8},"end":{"line":201,"column":98}},"77":{"start":{"line":206,"column":20},"end":{"line":208,"column":8}},"78":{"start":{"line":210,"column":6},"end":{"line":237,"column":7}},"79":{"start":{"line":211,"column":29},"end":{"line":220,"column":10}},"80":{"start":{"line":223,"column":8},"end":{"line":223,"column":53}},"81":{"start":{"line":224,"column":8},"end":{"line":226,"column":9}},"82":{"start":{"line":225,"column":10},"end":{"line":225,"column":79}},"83":{"start":{"line":229,"column":19},"end":{"line":229,"column":26}},"84":{"start":{"line":230,"column":8},"end":{"line":236,"column":9}},"85":{"start":{"line":231,"column":10},"end":{"line":235,"column":13}},"86":{"start":{"line":239,"column":6},"end":{"line":239,"column":83}},"87":{"start":{"line":241,"column":6},"end":{"line":241,"column":18}},"88":{"start":{"line":24,"column":0},"end":{"line":24,"column":13}}},"fnMap":{"0":{"name":"(anonymous_1)","decl":{"start":{"line":29,"column":2},"end":{"line":29,"column":8}},"loc":{"start":{"line":29,"column":76},"end":{"line":128,"column":3}}},"1":{"name":"(anonymous_2)","decl":{"start":{"line":34,"column":46},"end":{"line":34,"column":51}},"loc":{"start":{"line":34,"column":64},"end":{"line":100,"column":7}}},"2":{"name":"(anonymous_3)","decl":{"start":{"line":134,"column":2},"end":{"line":134,"column":8}},"loc":{"start":{"line":134,"column":76},"end":{"line":243,"column":3}}}},"branchMap":{"0":{"loc":{"start":{"line":39,"column":10},"end":{"line":41,"column":11}},"type":"if","locations":[{"start":{"line":39,"column":10},"end":{"line":41,"column":11}}]},"1":{"loc":{"start":{"line":43,"column":10},"end":{"line":45,"column":11}},"type":"if","locations":[{"start":{"line":43,"column":10},"end":{"line":45,"column":11}}]},"2":{"loc":{"start":{"line":106,"column":6},"end":{"line":108,"column":7}},"type":"if","locations":[{"start":{"line":106,"column":6},"end":{"line":108,"column":7}}]},"3":{"loc":{"start":{"line":112,"column":6},"end":{"line":118,"column":7}},"type":"if","locations":[{"start":{"line":112,"column":6},"end":{"line":118,"column":7}}]},"4":{"loc":{"start":{"line":139,"column":4},"end":{"line":141,"column":5}},"type":"if","locations":[{"start":{"line":139,"column":4},"end":{"line":141,"column":5}}]},"5":{"loc":{"start":{"line":150,"column":6},"end":{"line":198,"column":7}},"type":"if","locations":[{"start":{"line":150,"column":6},"end":{"line":198,"column":7}},{"start":{"line":167,"column":13},"end":{"line":198,"column":7}}]},"6":{"loc":{"start":{"line":154,"column":8},"end":{"line":166,"column":9}},"type":"if","locations":[{"start":{"line":154,"column":8},"end":{"line":166,"column":9}},{"start":{"line":160,"column":15},"end":{"line":166,"column":9}}]},"7":{"loc":{"start":{"line":154,"column":12},"end":{"line":154,"column":84}},"type":"binary-expr","locations":[{"start":{"line":154,"column":12},"end":{"line":154,"column":19}},{"start":{"line":154,"column":23},"end":{"line":154,"column":57}},{"start":{"line":154,"column":61},"end":{"line":154,"column":84}}]},"8":{"loc":{"start":{"line":158,"column":20},"end":{"line":158,"column":99}},"type":"binary-expr","locations":[{"start":{"line":158,"column":20},"end":{"line":158,"column":39}},{"start":{"line":158,"column":43},"end":{"line":158,"column":86}},{"start":{"line":158,"column":90},"end":{"line":158,"column":99}}]},"9":{"loc":{"start":{"line":159,"column":26},"end":{"line":159,"column":60}},"type":"binary-expr","locations":[{"start":{"line":159,"column":26},"end":{"line":159,"column":40}},{"start":{"line":159,"column":44},"end":{"line":159,"column":60}}]},"10":{"loc":{"start":{"line":167,"column":13},"end":{"line":198,"column":7}},"type":"if","locations":[{"start":{"line":167,"column":13},"end":{"line":198,"column":7}}]},"11":{"loc":{"start":{"line":171,"column":8},"end":{"line":197,"column":9}},"type":"if","locations":[{"start":{"line":171,"column":8},"end":{"line":197,"column":9}},{"start":{"line":176,"column":15},"end":{"line":197,"column":9}}]},"12":{"loc":{"start":{"line":171,"column":12},"end":{"line":171,"column":86}},"type":"binary-expr","locations":[{"start":{"line":171,"column":12},"end":{"line":171,"column":19}},{"start":{"line":171,"column":23},"end":{"line":171,"column":59}},{"start":{"line":171,"column":63},"end":{"line":171,"column":86}}]},"13":{"loc":{"start":{"line":174,"column":20},"end":{"line":174,"column":52}},"type":"binary-expr","locations":[{"start":{"line":174,"column":20},"end":{"line":174,"column":39}},{"start":{"line":174,"column":43},"end":{"line":174,"column":52}}]},"14":{"loc":{"start":{"line":175,"column":26},"end":{"line":175,"column":69}},"type":"binary-expr","locations":[{"start":{"line":175,"column":26},"end":{"line":175,"column":47}},{"start":{"line":175,"column":51},"end":{"line":175,"column":69}}]},"15":{"loc":{"start":{"line":184,"column":37},"end":{"line":184,"column":60}},"type":"binary-expr","locations":[{"start":{"line":184,"column":37},"end":{"line":184,"column":54}},{"start":{"line":184,"column":58},"end":{"line":184,"column":60}}]},"16":{"loc":{"start":{"line":186,"column":10},"end":{"line":190,"column":11}},"type":"if","locations":[{"start":{"line":186,"column":10},"end":{"line":190,"column":11}},{"start":{"line":188,"column":17},"end":{"line":190,"column":11}}]},"17":{"loc":{"start":{"line":192,"column":10},"end":{"line":196,"column":11}},"type":"if","locations":[{"start":{"line":192,"column":10},"end":{"line":196,"column":11}}]},"18":{"loc":{"start":{"line":200,"column":6},"end":{"line":202,"column":7}},"type":"if","locations":[{"start":{"line":200,"column":6},"end":{"line":202,"column":7}}]},"19":{"loc":{"start":{"line":210,"column":6},"end":{"line":237,"column":7}},"type":"if","locations":[{"start":{"line":210,"column":6},"end":{"line":237,"column":7}}]},"20":{"loc":{"start":{"line":224,"column":8},"end":{"line":226,"column":9}},"type":"if","locations":[{"start":{"line":224,"column":8},"end":{"line":226,"column":9}}]},"21":{"loc":{"start":{"line":230,"column":8},"end":{"line":236,"column":9}},"type":"if","locations":[{"start":{"line":230,"column":8},"end":{"line":236,"column":9}}]}},"s":{"0":6,"1":6,"2":6,"3":6,"4":6,"5":6,"6":6,"7":6,"8":2,"9":2,"10":2,"11":2,"12":2,"13":2,"14":2,"15":0,"16":2,"17":1,"18":1,"19":1,"20":1,"21":1,"22":1,"23":1,"24":1,"25":1,"26":1,"27":1,"28":1,"29":1,"30":1,"31":1,"32":1,"33":1,"34":1,"35":1,"36":1,"37":1,"38":3,"39":3,"40":3,"41":0,"42":3,"43":3,"44":3,"45":3,"46":3,"47":3,"48":3,"49":1,"50":1,"51":1,"52":1,"53":1,"54":1,"55":1,"56":0,"57":2,"58":2,"59":2,"60":2,"61":0,"62":0,"63":0,"64":0,"65":2,"66":2,"67":2,"68":2,"69":1,"70":1,"71":2,"72":1,"73":1,"74":1,"75":3,"76":1,"77":2,"78":2,"79":2,"80":2,"81":2,"82":2,"83":2,"84":2,"85":2,"86":2,"87":0,"88":6},"f":{"0":2,"1":2,"2":3},"b":{"0":[0],"1":[1],"2":[1],"3":[1],"4":[0],"5":[1,2],"6":[1,0],"7":[1,1,0],"8":[1,0,0],"9":[1,0],"10":[2],"11":[0,2],"12":[2,2,2],"13":[0,0],"14":[0,0],"15":[2,0],"16":[1,1],"17":[1],"18":[1],"19":[2],"20":[2],"21":[2]}}
,"D:\\Zippy\\MARCOS\\apps\\backend\\src\\controllers\\measurement.controller.ts": {"path":"D:\\Zippy\\MARCOS\\apps\\backend\\src\\controllers\\measurement.controller.ts","statementMap":{"0":{"start":{"line":2,"column":0},"end":{"line":2,"column":24}},"1":{"start":{"line":3,"column":0},"end":{"line":3,"column":37}},"2":{"start":{"line":4,"column":0},"end":{"line":4,"column":38}},"3":{"start":{"line":6,"column":13},"end":{"line":24,"column":3}},"4":{"start":{"line":26,"column":13},"end":{"line":42,"column":3}},"5":{"start":{"line":49,"column":17},"end":{"line":49,"column":26}},"6":{"start":{"line":50,"column":25},"end":{"line":50,"column":51}},"7":{"start":{"line":52,"column":4},"end":{"line":74,"column":5}},"8":{"start":{"line":53,"column":24},"end":{"line":53,"column":31}},"9":{"start":{"line":55,"column":6},"end":{"line":65,"column":7}},"10":{"start":{"line":56,"column":8},"end":{"line":64,"column":9}},"11":{"start":{"line":57,"column":10},"end":{"line":57,"column":37}},"12":{"start":{"line":60,"column":27},"end":{"line":62,"column":12}},"13":{"start":{"line":63,"column":10},"end":{"line":63,"column":73}},"14":{"start":{"line":67,"column":23},"end":{"line":69,"column":8}},"15":{"start":{"line":71,"column":6},"end":{"line":71,"column":69}},"16":{"start":{"line":73,"column":6},"end":{"line":73,"column":18}},"17":{"start":{"line":81,"column":17},"end":{"line":81,"column":26}},"18":{"start":{"line":82,"column":53},"end":{"line":82,"column":61}},"19":{"start":{"line":84,"column":4},"end":{"line":103,"column":5}},"20":{"start":{"line":85,"column":25},"end":{"line":85,"column":32}},"21":{"start":{"line":88,"column":6},"end":{"line":90,"column":7}},"22":{"start":{"line":89,"column":8},"end":{"line":89,"column":30}},"23":{"start":{"line":92,"column":22},"end":{"line":98,"column":8}},"24":{"start":{"line":100,"column":6},"end":{"line":100,"column":68}},"25":{"start":{"line":102,"column":6},"end":{"line":102,"column":18}},"26":{"start":{"line":111,"column":17},"end":{"line":111,"column":26}},"27":{"start":{"line":112,"column":19},"end":{"line":112,"column":29}},"28":{"start":{"line":113,"column":20},"end":{"line":113,"column":28}},"29":{"start":{"line":115,"column":4},"end":{"line":172,"column":5}},"30":{"start":{"line":116,"column":30},"end":{"line":118,"column":8}},"31":{"start":{"line":120,"column":6},"end":{"line":122,"column":7}},"32":{"start":{"line":121,"column":8},"end":{"line":121,"column":98}},"33":{"start":{"line":125,"column":29},"end":{"line":167,"column":8}},"34":{"start":{"line":127,"column":24},"end":{"line":130,"column":10}},"35":{"start":{"line":133,"column":48},"end":{"line":133,"column":50}},"36":{"start":{"line":134,"column":47},"end":{"line":134,"column":49}},"37":{"start":{"line":136,"column":8},"end":{"line":139,"column":11}},"38":{"start":{"line":137,"column":10},"end":{"line":137,"column":58}},"39":{"start":{"line":138,"column":10},"end":{"line":138,"column":49}},"40":{"start":{"line":142,"column":8},"end":{"line":149,"column":11}},"41":{"start":{"line":152,"column":8},"end":{"line":164,"column":11}},"42":{"start":{"line":166,"column":8},"end":{"line":166,"column":23}},"43":{"start":{"line":169,"column":6},"end":{"line":169,"column":75}},"44":{"start":{"line":171,"column":6},"end":{"line":171,"column":18}},"45":{"start":{"line":180,"column":19},"end":{"line":180,"column":29}},"46":{"start":{"line":182,"column":4},"end":{"line":191,"column":5}},"47":{"start":{"line":183,"column":22},"end":{"line":186,"column":8}},"48":{"start":{"line":188,"column":6},"end":{"line":188,"column":68}},"49":{"start":{"line":190,"column":6},"end":{"line":190,"column":18}},"50":{"start":{"line":198,"column":17},"end":{"line":198,"column":26}},"51":{"start":{"line":199,"column":19},"end":{"line":199,"column":29}},"52":{"start":{"line":201,"column":4},"end":{"line":238,"column":5}},"53":{"start":{"line":202,"column":22},"end":{"line":204,"column":8}},"54":{"start":{"line":206,"column":6},"end":{"line":208,"column":7}},"55":{"start":{"line":207,"column":8},"end":{"line":207,"column":98}},"56":{"start":{"line":211,"column":6},"end":{"line":213,"column":7}},"57":{"start":{"line":212,"column":8},"end":{"line":212,"column":107}},"58":{"start":{"line":215,"column":6},"end":{"line":217,"column":9}},"59":{"start":{"line":220,"column":6},"end":{"line":230,"column":80}},"60":{"start":{"line":230,"column":29},"end":{"line":230,"column":78}},"61":{"start":{"line":232,"column":6},"end":{"line":235,"column":9}},"62":{"start":{"line":237,"column":6},"end":{"line":237,"column":18}},"63":{"start":{"line":44,"column":0},"end":{"line":44,"column":13}}},"fnMap":{"0":{"name":"(anonymous_1)","decl":{"start":{"line":48,"column":2},"end":{"line":48,"column":8}},"loc":{"start":{"line":48,"column":78},"end":{"line":75,"column":3}}},"1":{"name":"(anonymous_2)","decl":{"start":{"line":80,"column":2},"end":{"line":80,"column":8}},"loc":{"start":{"line":80,"column":80},"end":{"line":104,"column":3}}},"2":{"name":"(anonymous_3)","decl":{"start":{"line":110,"column":2},"end":{"line":110,"column":8}},"loc":{"start":{"line":110,"column":80},"end":{"line":173,"column":3}}},"3":{"name":"(anonymous_4)","decl":{"start":{"line":125,"column":55},"end":{"line":125,"column":60}},"loc":{"start":{"line":125,"column":73},"end":{"line":167,"column":7}}},"4":{"name":"(anonymous_5)","decl":{"start":{"line":136,"column":37},"end":{"line":136,"column":38}},"loc":{"start":{"line":136,"column":45},"end":{"line":139,"column":9}}},"5":{"name":"(anonymous_6)","decl":{"start":{"line":179,"column":2},"end":{"line":179,"column":8}},"loc":{"start":{"line":179,"column":73},"end":{"line":192,"column":3}}},"6":{"name":"(anonymous_7)","decl":{"start":{"line":197,"column":2},"end":{"line":197,"column":8}},"loc":{"start":{"line":197,"column":80},"end":{"line":239,"column":3}}},"7":{"name":"(anonymous_8)","decl":{"start":{"line":230,"column":15},"end":{"line":230,"column":16}},"loc":{"start":{"line":230,"column":29},"end":{"line":230,"column":78}}}},"branchMap":{"0":{"loc":{"start":{"line":55,"column":6},"end":{"line":65,"column":7}},"type":"if","locations":[{"start":{"line":55,"column":6},"end":{"line":65,"column":7}}]},"1":{"loc":{"start":{"line":55,"column":10},"end":{"line":55,"column":95}},"type":"binary-expr","locations":[{"start":{"line":55,"column":10},"end":{"line":55,"column":34}},{"start":{"line":55,"column":38},"end":{"line":55,"column":67}},{"start":{"line":55,"column":71},"end":{"line":55,"column":95}}]},"2":{"loc":{"start":{"line":56,"column":8},"end":{"line":64,"column":9}},"type":"if","locations":[{"start":{"line":56,"column":8},"end":{"line":64,"column":9}},{"start":{"line":58,"column":15},"end":{"line":64,"column":9}}]},"3":{"loc":{"start":{"line":88,"column":6},"end":{"line":90,"column":7}},"type":"if","locations":[{"start":{"line":88,"column":6},"end":{"line":90,"column":7}}]},"4":{"loc":{"start":{"line":88,"column":10},"end":{"line":88,"column":107}},"type":"binary-expr","locations":[{"start":{"line":88,"column":10},"end":{"line":88,"column":16}},{"start":{"line":88,"column":21},"end":{"line":88,"column":45}},{"start":{"line":88,"column":49},"end":{"line":88,"column":78}},{"start":{"line":88,"column":82},"end":{"line":88,"column":106}}]},"5":{"loc":{"start":{"line":120,"column":6},"end":{"line":122,"column":7}},"type":"if","locations":[{"start":{"line":120,"column":6},"end":{"line":122,"column":7}}]},"6":{"loc":{"start":{"line":206,"column":6},"end":{"line":208,"column":7}},"type":"if","locations":[{"start":{"line":206,"column":6},"end":{"line":208,"column":7}}]},"7":{"loc":{"start":{"line":211,"column":6},"end":{"line":213,"column":7}},"type":"if","locations":[{"start":{"line":211,"column":6},"end":{"line":213,"column":7}}]},"8":{"loc":{"start":{"line":211,"column":10},"end":{"line":211,"column":67}},"type":"binary-expr","locations":[{"start":{"line":211,"column":10},"end":{"line":211,"column":36}},{"start":{"line":211,"column":40},"end":{"line":211,"column":67}}]}},"s":{"0":6,"1":6,"2":6,"3":6,"4":6,"5":5,"6":5,"7":5,"8":5,"9":5,"10":2,"11":1,"12":1,"13":1,"14":4,"15":4,"16":0,"17":2,"18":2,"19":2,"20":2,"21":2,"22":1,"23":2,"24":2,"25":0,"26":1,"27":1,"28":1,"29":1,"30":1,"31":1,"32":0,"33":1,"34":1,"35":1,"36":1,"37":1,"38":2,"39":2,"40":1,"41":1,"42":1,"43":1,"44":0,"45":1,"46":1,"47":1,"48":1,"49":0,"50":2,"51":2,"52":2,"53":2,"54":2,"55":0,"56":2,"57":1,"58":1,"59":1,"60":0,"61":1,"62":0,"63":6},"f":{"0":5,"1":2,"2":1,"3":1,"4":2,"5":1,"6":2,"7":0},"b":{"0":[2],"1":[5,4,4],"2":[1,1],"3":[1],"4":[2,1,1,1],"5":[0],"6":[0],"7":[1],"8":[2,1]}}
,"D:\\Zippy\\MARCOS\\apps\\backend\\src\\controllers\\notification.controller.ts": {"path":"D:\\Zippy\\MARCOS\\apps\\backend\\src\\controllers\\notification.controller.ts","statementMap":{"0":{"start":{"line":2,"column":0},"end":{"line":2,"column":37}},"1":{"start":{"line":10,"column":17},"end":{"line":10,"column":26}},"2":{"start":{"line":11,"column":19},"end":{"line":11,"column":29}},"3":{"start":{"line":13,"column":4},"end":{"line":37,"column":5}},"4":{"start":{"line":14,"column":30},"end":{"line":16,"column":8}},"5":{"start":{"line":18,"column":6},"end":{"line":20,"column":7}},"6":{"start":{"line":19,"column":8},"end":{"line":19,"column":108}},"7":{"start":{"line":22,"column":6},"end":{"line":24,"column":7}},"8":{"start":{"line":23,"column":8},"end":{"line":23,"column":112}},"9":{"start":{"line":26,"column":22},"end":{"line":32,"column":8}},"10":{"start":{"line":34,"column":6},"end":{"line":34,"column":68}},"11":{"start":{"line":36,"column":6},"end":{"line":36,"column":18}},"12":{"start":{"line":45,"column":17},"end":{"line":45,"column":26}},"13":{"start":{"line":47,"column":4},"end":{"line":65,"column":5}},"14":{"start":{"line":48,"column":21},"end":{"line":57,"column":8}},"15":{"start":{"line":59,"column":6},"end":{"line":62,"column":9}},"16":{"start":{"line":64,"column":6},"end":{"line":64,"column":18}},"17":{"start":{"line":73,"column":17},"end":{"line":73,"column":26}},"18":{"start":{"line":75,"column":4},"end":{"line":85,"column":5}},"19":{"start":{"line":76,"column":22},"end":{"line":80,"column":8}},"20":{"start":{"line":82,"column":6},"end":{"line":82,"column":68}},"21":{"start":{"line":84,"column":6},"end":{"line":84,"column":18}},"22":{"start":{"line":4,"column":0},"end":{"line":4,"column":13}}},"fnMap":{"0":{"name":"(anonymous_1)","decl":{"start":{"line":9,"column":2},"end":{"line":9,"column":8}},"loc":{"start":{"line":9,"column":73},"end":{"line":38,"column":3}}},"1":{"name":"(anonymous_2)","decl":{"start":{"line":44,"column":2},"end":{"line":44,"column":8}},"loc":{"start":{"line":44,"column":76},"end":{"line":66,"column":3}}},"2":{"name":"(anonymous_3)","decl":{"start":{"line":72,"column":2},"end":{"line":72,"column":8}},"loc":{"start":{"line":72,"column":73},"end":{"line":86,"column":3}}}},"branchMap":{"0":{"loc":{"start":{"line":18,"column":6},"end":{"line":20,"column":7}},"type":"if","locations":[{"start":{"line":18,"column":6},"end":{"line":20,"column":7}}]},"1":{"loc":{"start":{"line":22,"column":6},"end":{"line":24,"column":7}},"type":"if","locations":[{"start":{"line":22,"column":6},"end":{"line":24,"column":7}}]}},"s":{"0":6,"1":0,"2":0,"3":0,"4":0,"5":0,"6":0,"7":0,"8":0,"9":0,"10":0,"11":0,"12":0,"13":0,"14":0,"15":0,"16":0,"17":0,"18":0,"19":0,"20":0,"21":0,"22":6},"f":{"0":0,"1":0,"2":0},"b":{"0":[0],"1":[0]}}
,"D:\\Zippy\\MARCOS\\apps\\backend\\src\\controllers\\product.controller.ts": {"path":"D:\\Zippy\\MARCOS\\apps\\backend\\src\\controllers\\product.controller.ts","statementMap":{"0":{"start":{"line":33,"column":0},"end":{"line":33,"column":16}},"1":{"start":{"line":2,"column":0},"end":{"line":2,"column":24}},"2":{"start":{"line":3,"column":0},"end":{"line":3,"column":37}},"3":{"start":{"line":7,"column":13},"end":{"line":16,"column":3}},"4":{"start":{"line":19,"column":13},"end":{"line":24,"column":3}},"5":{"start":{"line":27,"column":13},"end":{"line":31,"column":3}},"6":{"start":{"line":34,"column":2},"end":{"line":34,"column":38}},"7":{"start":{"line":34,"column":16},"end":{"line":34,"column":38}},"8":{"start":{"line":35,"column":2},"end":{"line":35,"column":36}},"9":{"start":{"line":35,"column":17},"end":{"line":35,"column":36}},"10":{"start":{"line":36,"column":2},"end":{"line":36,"column":20}},"11":{"start":{"line":44,"column":65},"end":{"line":44,"column":81}},"12":{"start":{"line":45,"column":17},"end":{"line":45,"column":35}},"13":{"start":{"line":47,"column":4},"end":{"line":86,"column":5}},"14":{"start":{"line":48,"column":25},"end":{"line":48,"column":27}},"15":{"start":{"line":50,"column":6},"end":{"line":54,"column":7}},"16":{"start":{"line":51,"column":8},"end":{"line":53,"column":10}},"17":{"start":{"line":56,"column":6},"end":{"line":61,"column":7}},"18":{"start":{"line":57,"column":8},"end":{"line":60,"column":10}},"19":{"start":{"line":63,"column":32},"end":{"line":72,"column":8}},"20":{"start":{"line":74,"column":6},"end":{"line":83,"column":9}},"21":{"start":{"line":85,"column":6},"end":{"line":85,"column":18}},"22":{"start":{"line":93,"column":19},"end":{"line":93,"column":29}},"23":{"start":{"line":95,"column":4},"end":{"line":108,"column":5}},"24":{"start":{"line":96,"column":22},"end":{"line":99,"column":8}},"25":{"start":{"line":101,"column":6},"end":{"line":103,"column":7}},"26":{"start":{"line":102,"column":8},"end":{"line":102,"column":86}},"27":{"start":{"line":105,"column":6},"end":{"line":105,"column":68}},"28":{"start":{"line":107,"column":6},"end":{"line":107,"column":18}},"29":{"start":{"line":115,"column":19},"end":{"line":115,"column":31}},"30":{"start":{"line":116,"column":4},"end":{"line":116,"column":90}},"31":{"start":{"line":116,"column":17},"end":{"line":116,"column":90}},"32":{"start":{"line":118,"column":4},"end":{"line":127,"column":5}},"33":{"start":{"line":119,"column":20},"end":{"line":122,"column":8}},"34":{"start":{"line":124,"column":6},"end":{"line":124,"column":66}},"35":{"start":{"line":126,"column":6},"end":{"line":126,"column":18}},"36":{"start":{"line":134,"column":19},"end":{"line":134,"column":31}},"37":{"start":{"line":135,"column":4},"end":{"line":135,"column":90}},"38":{"start":{"line":135,"column":17},"end":{"line":135,"column":90}},"39":{"start":{"line":137,"column":36},"end":{"line":137,"column":44}},"40":{"start":{"line":139,"column":4},"end":{"line":164,"column":5}},"41":{"start":{"line":140,"column":22},"end":{"line":140,"column":83}},"42":{"start":{"line":141,"column":6},"end":{"line":143,"column":7}},"43":{"start":{"line":142,"column":8},"end":{"line":142,"column":86}},"44":{"start":{"line":146,"column":6},"end":{"line":151,"column":7}},"45":{"start":{"line":147,"column":8},"end":{"line":150,"column":11}},"46":{"start":{"line":153,"column":23},"end":{"line":159,"column":8}},"47":{"start":{"line":161,"column":6},"end":{"line":161,"column":69}},"48":{"start":{"line":163,"column":6},"end":{"line":163,"column":18}},"49":{"start":{"line":171,"column":21},"end":{"line":171,"column":29}},"50":{"start":{"line":173,"column":4},"end":{"line":207,"column":5}},"51":{"start":{"line":174,"column":21},"end":{"line":176,"column":8}},"52":{"start":{"line":178,"column":6},"end":{"line":180,"column":7}},"53":{"start":{"line":179,"column":8},"end":{"line":179,"column":96}},"54":{"start":{"line":182,"column":6},"end":{"line":184,"column":7}},"55":{"start":{"line":183,"column":8},"end":{"line":183,"column":97}},"56":{"start":{"line":186,"column":6},"end":{"line":188,"column":7}},"57":{"start":{"line":187,"column":8},"end":{"line":187,"column":87}},"58":{"start":{"line":190,"column":6},"end":{"line":192,"column":7}},"59":{"start":{"line":191,"column":8},"end":{"line":191,"column":101}},"60":{"start":{"line":195,"column":6},"end":{"line":204,"column":9}},"61":{"start":{"line":206,"column":6},"end":{"line":206,"column":18}},"62":{"start":{"line":39,"column":0},"end":{"line":39,"column":13}}},"fnMap":{"0":{"name":"computeStockStatus","decl":{"start":{"line":33,"column":16},"end":{"line":33,"column":34}},"loc":{"start":{"line":33,"column":46},"end":{"line":37,"column":1}}},"1":{"name":"(anonymous_2)","decl":{"start":{"line":43,"column":2},"end":{"line":43,"column":8}},"loc":{"start":{"line":43,"column":74},"end":{"line":87,"column":3}}},"2":{"name":"(anonymous_3)","decl":{"start":{"line":92,"column":2},"end":{"line":92,"column":8}},"loc":{"start":{"line":92,"column":77},"end":{"line":109,"column":3}}},"3":{"name":"(anonymous_4)","decl":{"start":{"line":114,"column":2},"end":{"line":114,"column":8}},"loc":{"start":{"line":114,"column":70},"end":{"line":128,"column":3}}},"4":{"name":"(anonymous_5)","decl":{"start":{"line":133,"column":2},"end":{"line":133,"column":8}},"loc":{"start":{"line":133,"column":72},"end":{"line":165,"column":3}}},"5":{"name":"(anonymous_6)","decl":{"start":{"line":170,"column":2},"end":{"line":170,"column":8}},"loc":{"start":{"line":170,"column":77},"end":{"line":208,"column":3}}}},"branchMap":{"0":{"loc":{"start":{"line":34,"column":2},"end":{"line":34,"column":38}},"type":"if","locations":[{"start":{"line":34,"column":2},"end":{"line":34,"column":38}}]},"1":{"loc":{"start":{"line":35,"column":2},"end":{"line":35,"column":36}},"type":"if","locations":[{"start":{"line":35,"column":2},"end":{"line":35,"column":36}}]},"2":{"loc":{"start":{"line":50,"column":6},"end":{"line":54,"column":7}},"type":"if","locations":[{"start":{"line":50,"column":6},"end":{"line":54,"column":7}}]},"3":{"loc":{"start":{"line":56,"column":6},"end":{"line":61,"column":7}},"type":"if","locations":[{"start":{"line":56,"column":6},"end":{"line":61,"column":7}}]},"4":{"loc":{"start":{"line":101,"column":6},"end":{"line":103,"column":7}},"type":"if","locations":[{"start":{"line":101,"column":6},"end":{"line":103,"column":7}}]},"5":{"loc":{"start":{"line":116,"column":4},"end":{"line":116,"column":90}},"type":"if","locations":[{"start":{"line":116,"column":4},"end":{"line":116,"column":90}}]},"6":{"loc":{"start":{"line":135,"column":4},"end":{"line":135,"column":90}},"type":"if","locations":[{"start":{"line":135,"column":4},"end":{"line":135,"column":90}}]},"7":{"loc":{"start":{"line":141,"column":6},"end":{"line":143,"column":7}},"type":"if","locations":[{"start":{"line":141,"column":6},"end":{"line":143,"column":7}}]},"8":{"loc":{"start":{"line":146,"column":6},"end":{"line":151,"column":7}},"type":"if","locations":[{"start":{"line":146,"column":6},"end":{"line":151,"column":7}}]},"9":{"loc":{"start":{"line":178,"column":6},"end":{"line":180,"column":7}},"type":"if","locations":[{"start":{"line":178,"column":6},"end":{"line":180,"column":7}}]},"10":{"loc":{"start":{"line":182,"column":6},"end":{"line":184,"column":7}},"type":"if","locations":[{"start":{"line":182,"column":6},"end":{"line":184,"column":7}}]},"11":{"loc":{"start":{"line":186,"column":6},"end":{"line":188,"column":7}},"type":"if","locations":[{"start":{"line":186,"column":6},"end":{"line":188,"column":7}}]},"12":{"loc":{"start":{"line":190,"column":6},"end":{"line":192,"column":7}},"type":"if","locations":[{"start":{"line":190,"column":6},"end":{"line":192,"column":7}}]}},"s":{"0":6,"1":6,"2":6,"3":6,"4":6,"5":6,"6":1,"7":0,"8":1,"9":1,"10":0,"11":2,"12":2,"13":2,"14":2,"15":2,"16":1,"17":2,"18":1,"19":2,"20":2,"21":0,"22":2,"23":2,"24":2,"25":2,"26":1,"27":1,"28":0,"29":2,"30":2,"31":0,"32":2,"33":2,"34":2,"35":0,"36":2,"37":2,"38":0,"39":2,"40":2,"41":2,"42":2,"43":0,"44":2,"45":1,"46":1,"47":1,"48":0,"49":4,"50":4,"51":4,"52":4,"53":0,"54":4,"55":1,"56":3,"57":1,"58":2,"59":1,"60":1,"61":0,"62":6},"f":{"0":1,"1":2,"2":2,"3":2,"4":2,"5":4},"b":{"0":[0],"1":[1],"2":[1],"3":[1],"4":[1],"5":[0],"6":[0],"7":[0],"8":[1],"9":[0],"10":[1],"11":[1],"12":[1]}}
,"D:\\Zippy\\MARCOS\\apps\\backend\\src\\controllers\\visit.controller.ts": {"path":"D:\\Zippy\\MARCOS\\apps\\backend\\src\\controllers\\visit.controller.ts","statementMap":{"0":{"start":{"line":2,"column":0},"end":{"line":2,"column":24}},"1":{"start":{"line":3,"column":0},"end":{"line":3,"column":37}},"2":{"start":{"line":4,"column":0},"end":{"line":4,"column":51}},"3":{"start":{"line":5,"column":0},"end":{"line":5,"column":50}},"4":{"start":{"line":6,"column":0},"end":{"line":6,"column":52}},"5":{"start":{"line":8,"column":13},"end":{"line":14,"column":3}},"6":{"start":{"line":16,"column":13},"end":{"line":21,"column":3}},"7":{"start":{"line":28,"column":17},"end":{"line":28,"column":26}},"8":{"start":{"line":29,"column":53},"end":{"line":29,"column":61}},"9":{"start":{"line":31,"column":4},"end":{"line":53,"column":5}},"10":{"start":{"line":32,"column":20},"end":{"line":39,"column":8}},"11":{"start":{"line":42,"column":17},"end":{"line":42,"column":24}},"12":{"start":{"line":43,"column":6},"end":{"line":48,"column":7}},"13":{"start":{"line":44,"column":8},"end":{"line":47,"column":11}},"14":{"start":{"line":50,"column":6},"end":{"line":50,"column":66}},"15":{"start":{"line":52,"column":6},"end":{"line":52,"column":18}},"16":{"start":{"line":61,"column":19},"end":{"line":61,"column":29}},"17":{"start":{"line":62,"column":47},"end":{"line":62,"column":55}},"18":{"start":{"line":64,"column":4},"end":{"line":97,"column":5}},"19":{"start":{"line":65,"column":20},"end":{"line":65,"column":73}},"20":{"start":{"line":66,"column":6},"end":{"line":68,"column":7}},"21":{"start":{"line":67,"column":8},"end":{"line":67,"column":98}},"22":{"start":{"line":70,"column":20},"end":{"line":70,"column":84}},"23":{"start":{"line":71,"column":6},"end":{"line":73,"column":7}},"24":{"start":{"line":72,"column":8},"end":{"line":72,"column":131}},"25":{"start":{"line":75,"column":27},"end":{"line":82,"column":8}},"26":{"start":{"line":85,"column":17},"end":{"line":85,"column":24}},"27":{"start":{"line":86,"column":6},"end":{"line":92,"column":7}},"28":{"start":{"line":87,"column":8},"end":{"line":91,"column":11}},"29":{"start":{"line":94,"column":6},"end":{"line":94,"column":73}},"30":{"start":{"line":96,"column":6},"end":{"line":96,"column":18}},"31":{"start":{"line":106,"column":17},"end":{"line":106,"column":26}},"32":{"start":{"line":107,"column":19},"end":{"line":107,"column":29}},"33":{"start":{"line":108,"column":40},"end":{"line":108,"column":48}},"34":{"start":{"line":109,"column":18},"end":{"line":109,"column":64}},"35":{"start":{"line":111,"column":4},"end":{"line":191,"column":5}},"36":{"start":{"line":112,"column":20},"end":{"line":114,"column":8}},"37":{"start":{"line":116,"column":6},"end":{"line":118,"column":7}},"38":{"start":{"line":117,"column":8},"end":{"line":117,"column":90}},"39":{"start":{"line":121,"column":6},"end":{"line":123,"column":7}},"40":{"start":{"line":122,"column":8},"end":{"line":122,"column":122}},"41":{"start":{"line":125,"column":6},"end":{"line":172,"column":7}},"42":{"start":{"line":126,"column":8},"end":{"line":128,"column":9}},"43":{"start":{"line":127,"column":10},"end":{"line":127,"column":120}},"44":{"start":{"line":131,"column":36},"end":{"line":131,"column":38}},"45":{"start":{"line":132,"column":8},"end":{"line":139,"column":9}},"46":{"start":{"line":133,"column":10},"end":{"line":138,"column":11}},"47":{"start":{"line":133,"column":23},"end":{"line":133,"column":24}},"48":{"start":{"line":134,"column":25},"end":{"line":134,"column":33}},"49":{"start":{"line":135,"column":28},"end":{"line":135,"column":78}},"50":{"start":{"line":136,"column":24},"end":{"line":136,"column":87}},"51":{"start":{"line":137,"column":12},"end":{"line":137,"column":32}},"52":{"start":{"line":142,"column":29},"end":{"line":160,"column":10}},"53":{"start":{"line":144,"column":26},"end":{"line":147,"column":12}},"54":{"start":{"line":150,"column":10},"end":{"line":157,"column":13}},"55":{"start":{"line":159,"column":10},"end":{"line":159,"column":25}},"56":{"start":{"line":163,"column":19},"end":{"line":163,"column":26}},"57":{"start":{"line":164,"column":8},"end":{"line":169,"column":9}},"58":{"start":{"line":165,"column":10},"end":{"line":168,"column":13}},"59":{"start":{"line":171,"column":8},"end":{"line":171,"column":75}},"60":{"start":{"line":175,"column":27},"end":{"line":178,"column":8}},"61":{"start":{"line":180,"column":17},"end":{"line":180,"column":24}},"62":{"start":{"line":181,"column":6},"end":{"line":186,"column":7}},"63":{"start":{"line":182,"column":8},"end":{"line":185,"column":11}},"64":{"start":{"line":188,"column":6},"end":{"line":188,"column":73}},"65":{"start":{"line":190,"column":6},"end":{"line":190,"column":18}},"66":{"start":{"line":23,"column":0},"end":{"line":23,"column":13}}},"fnMap":{"0":{"name":"(anonymous_1)","decl":{"start":{"line":27,"column":2},"end":{"line":27,"column":8}},"loc":{"start":{"line":27,"column":74},"end":{"line":54,"column":3}}},"1":{"name":"(anonymous_2)","decl":{"start":{"line":60,"column":2},"end":{"line":60,"column":8}},"loc":{"start":{"line":60,"column":74},"end":{"line":98,"column":3}}},"2":{"name":"(anonymous_3)","decl":{"start":{"line":105,"column":2},"end":{"line":105,"column":8}},"loc":{"start":{"line":105,"column":75},"end":{"line":192,"
[...]
d":{"line":162,"column":8}},"loc":{"start":{"line":162,"column":47},"end":{"line":169,"column":3}}}},"branchMap":{"0":{"loc":{"start":{"line":39,"column":27},"end":{"line":39,"column":47}},"type":"binary-expr","locations":[{"start":{"line":39,"column":27},"end":{"line":39,"column":35}},{"start":{"line":39,"column":39},"end":{"line":39,"column":47}}]},"1":{"loc":{"start":{"line":65,"column":4},"end":{"line":67,"column":5}},"type":"if","locations":[{"start":{"line":65,"column":4},"end":{"line":67,"column":5}}]},"2":{"loc":{"start":{"line":72,"column":4},"end":{"line":75,"column":5}},"type":"if","locations":[{"start":{"line":72,"column":4},"end":{"line":75,"column":5}}]},"3":{"loc":{"start":{"line":86,"column":4},"end":{"line":88,"column":5}},"type":"if","locations":[{"start":{"line":86,"column":4},"end":{"line":88,"column":5}}]},"4":{"loc":{"start":{"line":147,"column":6},"end":{"line":152,"column":7}},"type":"if","locations":[{"start":{"line":147,"column":6},"end":{"line":152,"column":7}}]},"5":{"loc":{"start":{"line":147,"column":10},"end":{"line":147,"column":32}},"type":"binary-expr","locations":[{"start":{"line":147,"column":10},"end":{"line":147,"column":17}},{"start":{"line":147,"column":21},"end":{"line":147,"column":32}}]},"6":{"loc":{"start":{"line":149,"column":8},"end":{"line":151,"column":9}},"type":"if","locations":[{"start":{"line":149,"column":8},"end":{"line":151,"column":9}}]},"7":{"loc":{"start":{"line":164,"column":4},"end":{"line":168,"column":5}},"type":"if","locations":[{"start":{"line":164,"column":4},"end":{"line":168,"column":5}}]}},"s":{"0":7,"1":7,"2":7,"3":7,"4":7,"5":7,"6":7,"7":55,"8":6,"9":6,"10":6,"11":6,"12":6,"13":6,"14":6,"15":6,"16":3,"17":3,"18":1,"19":2,"20":2,"21":1,"22":1,"23":1,"24":1,"25":1,"26":1,"27":0,"28":1,"29":1,"30":1,"31":1,"32":1,"33":1,"34":1,"35":2,"36":1,"37":1,"38":1,"39":0,"40":1,"41":1,"42":1,"43":1,"44":1,"45":1,"46":0,"47":1,"48":1,"49":1,"50":1,"51":1,"52":7,"53":7},"f":{"0":55,"1":6,"2":3,"3":1,"4":0,"5":1,"6":1},"b":{"0":[6,5],"1":[1],"2":[1],"3":[0],"4":[1],"5":[1,1],"6":[1],"7":[1]}}
,"D:\\Zippy\\MARCOS\\apps\\backend\\src\\services\\pdf.service.ts": {"path":"D:\\Zippy\\MARCOS\\apps\\backend\\src\\services\\pdf.service.ts","statementMap":{"0":{"start":{"line":1,"column":0},"end":{"line":1,"column":33}},"1":{"start":{"line":2,"column":0},"end":{"line":2,"column":40}},"2":{"start":{"line":9,"column":4},"end":{"line":101,"column":7}},"3":{"start":{"line":10,"column":6},"end":{"line":100,"column":7}},"4":{"start":{"line":11,"column":20},"end":{"line":11,"column":51}},"5":{"start":{"line":12,"column":33},"end":{"line":12,"column":35}},"6":{"start":{"line":14,"column":8},"end":{"line":14,"column":54}},"7":{"start":{"line":14,"column":34},"end":{"line":14,"column":52}},"8":{"start":{"line":15,"column":8},"end":{"line":15,"column":60}},"9":{"start":{"line":15,"column":28},"end":{"line":15,"column":58}},"10":{"start":{"line":16,"column":8},"end":{"line":19,"column":11}},"11":{"start":{"line":17,"column":10},"end":{"line":17,"column":100}},"12":{"start":{"line":18,"column":10},"end":{"line":18,"column":22}},"13":{"start":{"line":22,"column":8},"end":{"line":22,"column":97}},"14":{"start":{"line":23,"column":8},"end":{"line":23,"column":98}},"15":{"start":{"line":25,"column":8},"end":{"line":25,"column":95}},"16":{"start":{"line":26,"column":8},"end":{"line":26,"column":117}},"17":{"start":{"line":27,"column":8},"end":{"line":27,"column":105}},"18":{"start":{"line":29,"column":8},"end":{"line":29,"column":24}},"19":{"start":{"line":32,"column":8},"end":{"line":32,"column":90}},"20":{"start":{"line":35,"column":29},"end":{"line":35,"column":32}},"21":{"start":{"line":36,"column":8},"end":{"line":36,"column":104}},"22":{"start":{"line":37,"column":8},"end":{"line":40,"column":73}},"23":{"start":{"line":42,"column":8},"end":{"line":42,"column":110}},"24":{"start":{"line":43,"column":8},"end":{"line":46,"column":91}},"25":{"start":{"line":48,"column":8},"end":{"line":48,"column":24}},"26":{"start":{"line":51,"column":25},"end":{"line":51,"column":28}},"27":{"start":{"line":52,"column":8},"end":{"line":52,"column":68}},"28":{"start":{"line":54,"column":8},"end":{"line":58,"column":75}},"29":{"start":{"line":61,"column":23},"end":{"line":61,"column":36}},"30":{"start":{"line":63,"column":22},"end":{"line":63,"column":44}},"31":{"start":{"line":64,"column":8},"end":{"line":73,"column":11}},"32":{"start":{"line":65,"column":10},"end":{"line":69,"column":123}},"33":{"start":{"line":71,"column":10},"end":{"line":71,"column":25}},"34":{"start":{"line":72,"column":10},"end":{"line":72,"column":104}},"35":{"start":{"line":76,"column":24},"end":{"line":76,"column":37}},"36":{"start":{"line":77,"column":8},"end":{"line":79,"column":105}},"37":{"start":{"line":81,"column":8},"end":{"line":82,"column":108}},"38":{"start":{"line":84,"column":8},"end":{"line":85,"column":114}},"39":{"start":{"line":88,"column":8},"end":{"line":88,"column":109}},"40":{"start":{"line":89,"column":8},"end":{"line":91,"column":112}},"41":{"start":{"line":92,"column":8},"end":{"line":92,"column":30}},"42":{"start":{"line":95,"column":8},"end":{"line":95,"column":170}},"43":{"start":{"line":97,"column":8},"end":{"line":97,"column":18}},"44":{"start":{"line":99,"column":8},"end":{"line":99,"column":20}},"45":{"start":{"line":4,"column":0},"end":{"line":4,"column":13}},"46":{"start":{"line":105,"column":0},"end":{"line":105,"column":26}}},"fnMap":{"0":{"name":"(anonymous_1)","decl":{"start":{"line":8,"column":2},"end":{"line":8,"column":8}},"loc":{"start":{"line":8,"column":59},"end":{"line":102,"column":3}}},"1":{"name":"(anonymous_2)","decl":{"start":{"line":9,"column":23},"end":{"line":9,"column":24}},"loc":{"start":{"line":9,"column":43},"end":{"line":101,"column":5}}},"2":{"name":"(anonymous_3)","decl":{"start":{"line":14,"column":23},"end":{"line":14,"column":24}},"loc":{"start":{"line":14,"column":34},"end":{"line":14,"column":52}}},"3":{"name":"(anonymous_4)","decl":{"start":{"line":15,"column":22},"end":{"line":15,"column":25}},"loc":{"start":{"line":15,"column":28},"end":{"line":15,"column":58}}},"4":{"name":"(anonymous_5)","decl":{"start":{"line":16,"column":24},"end":{"line":16,"column":25}},"loc":{"start":{"line":16,"column":32},"end":{"line":19,"column":9}}},"5":{"name":"(anonymous_6)","decl":{"start":{"line":64,"column":22},"end":{"line":64,"column":23}},"loc":{"start":{"line":64,"column":36},"end":{"line":73,"column":9}}}},"branchMap":{"0":{"loc":{"start":{"line":46,"column":35},"end":{"line":46,"column":63}},"type":"binary-expr","locations":[{"start":{"line":46,"column":35},"end":{"line":46,"column":54}},{"start":{"line":46,"column":58},"end":{"line":46,"column":63}}]},"1":{"loc":{"start":{"line":63,"column":22},"end":{"line":63,"column":44}},"type":"binary-expr","locations":[{"start":{"line":63,"column":22},"end":{"line":63,"column":38}},{"start":{"line":63,"column":42},"end":{"line":63,"column":44}}]}},"s":{"0":1,"1":1,"2":1,"3":1,"4":1,"5":1,"6":1,"7":65,"8":1,"9":1,"10":1,"11":0,"12":0,"13":1,"14":1,"15":1,"16":1,"17":1,"18":1,"19":1,"20":1,"21":1,"22":1,"23":1,"24":1,"25":1,"26":1,"27":1,"28":1,"29":1,"30":1,"31":1,"32":1,"33":1,"34":1,"35":1,"36":1,"37":1,"38":1,"39":1,"40":1,"41":1,"42":1,"43":1,"44":0,"45":1,"46":1},"f":{"0":1,"1":1,"2":65,"3":1,"4":0,"5":1},"b":{"0":[1,1],"1":[1,0]}}
,"D:\\Zippy\\MARCOS\\apps\\backend\\src\\socket\\socket.adapter.ts": {"path":"D:\\Zippy\\MARCOS\\apps\\backend\\src\\socket\\socket.adapter.ts","statementMap":{"0":{"start":{"line":5,"column":0},"end":{"line":5,"column":16}},"1":{"start":{"line":1,"column":0},"end":{"line":1,"column":57}},"2":{"start":{"line":2,"column":0},"end":{"line":2,"column":28}},"3":{"start":{"line":3,"column":0},"end":{"line":3,"column":35}},"4":{"start":{"line":6,"column":20},"end":{"line":8,"column":4}},"5":{"start":{"line":10,"column":20},"end":{"line":10,"column":41}},"6":{"start":{"line":12,"column":2},"end":{"line":14,"column":5}},"7":{"start":{"line":13,"column":4},"end":{"line":13,"column":57}},"8":{"start":{"line":16,"column":2},"end":{"line":18,"column":5}},"9":{"start":{"line":17,"column":4},"end":{"line":17,"column":57}},"10":{"start":{"line":20,"column":2},"end":{"line":20,"column":45}}},"fnMap":{"0":{"name":"createRedisAdapter","decl":{"start":{"line":5,"column":16},"end":{"line":5,"column":34}},"loc":{"start":{"line":5,"column":34},"end":{"line":21,"column":1}}},"1":{"name":"(anonymous_2)","decl":{"start":{"line":12,"column":24},"end":{"line":12,"column":25}},"loc":{"start":{"line":12,"column":32},"end":{"line":14,"column":3}}},"2":{"name":"(anonymous_3)","decl":{"start":{"line":16,"column":24},"end":{"line":16,"column":25}},"loc":{"start":{"line":16,"column":32},"end":{"line":18,"column":3}}}},"branchMap":{},"s":{"0":7,"1":7,"2":7,"3":7,"4":0,"5":0,"6":0,"7":0,"8":0,"9":0,"10":0},"f":{"0":0,"1":0,"2":0},"b":{}}
,"D:\\Zippy\\MARCOS\\apps\\backend\\src\\socket\\socket.handler.ts": {"path":"D:\\Zippy\\MARCOS\\apps\\backend\\src\\socket\\socket.handler.ts","statementMap":{"0":{"start":{"line":18,"column":0},"end":{"line":18,"column":16}},"1":{"start":{"line":22,"column":0},"end":{"line":22,"column":16}},"2":{"start":{"line":1,"column":0},"end":{"line":1,"column":43}},"3":{"start":{"line":3,"column":0},"end":{"line":3,"column":31}},"4":{"start":{"line":4,"column":0},"end":{"line":4,"column":35}},"5":{"start":{"line":5,"column":0},"end":{"line":5,"column":40}},"6":{"start":{"line":6,"column":0},"end":{"line":6,"column":57}},"7":{"start":{"line":7,"column":0},"end":{"line":7,"column":38}},"8":{"start":{"line":9,"column":24},"end":{"line":9,"column":28}},"9":{"start":{"line":19,"column":2},"end":{"line":19,"column":12}},"10":{"start":{"line":23,"column":2},"end":{"line":29,"column":5}},"11":{"start":{"line":32,"column":2},"end":{"line":40,"column":3}},"12":{"start":{"line":33,"column":4},"end":{"line":39,"column":5}},"13":{"start":{"line":34,"column":22},"end":{"line":34,"column":42}},"14":{"start":{"line":35,"column":6},"end":{"line":35,"column":26}},"15":{"start":{"line":36,"column":6},"end":{"line":36,"column":55}},"16":{"start":{"line":38,"column":6},"end":{"line":38,"column":101}},"17":{"start":{"line":43,"column":2},"end":{"line":57,"column":5}},"18":{"start":{"line":44,"column":18},"end":{"line":44,"column":97}},"19":{"start":{"line":46,"column":4},"end":{"line":48,"column":5}},"20":{"start":{"line":47,"column":6},"end":{"line":47,"column":69}},"21":{"start":{"line":50,"column":4},"end":{"line":56,"column":5}},"22":{"start":{"line":51,"column":22},"end":{"line":51,"column":76}},"23":{"start":{"line":52,"column":6},"end":{"line":52,"column":33}},"24":{"start":{"line":53,"column":6},"end":{"line":53,"column":13}},"25":{"start":{"line":55,"column":6},"end":{"line":55,"column":68}},"26":{"start":{"line":59,"column":2},"end":{"line":81,"column":5}},"27":{"start":{"line":60,"column":17},"end":{"line":60,"column":47}},"28":{"start":{"line":62,"column":4},"end":{"line":62,"column":96}},"29":{"start":{"line":65,"column":4},"end":{"line":65,"column":35}},"30":{"start":{"line":68,"column":4},"end":{"line":70,"column":5}},"31":{"start":{"line":69,"column":6},"end":{"line":69,"column":28}},"32":{"start":{"line":72,"column":4},"end":{"line":74,"column":5}},"33":{"start":{"line":73,"column":6},"end":{"line":73,"column":33}},"34":{"start":{"line":77,"column":4},"end":{"line":80,"column":7}},"35":{"start":{"line":78,"column":6},"end":{"line":78,"column":81}},"36":{"start":{"line":83,"column":2},"end":{"line":83,"column":12}}},"fnMap":{"0":{"name":"getIO","decl":{"start":{"line":18,"column":16},"end":{"line":18,"column":21}},"loc":{"start":{"line":18,"column":21},"end":{"line":20,"column":1}}},"1":{"name":"initSocket","decl":{"start":{"line":22,"column":16},"end":{"line":22,"column":26}},"loc":{"start":{"line":22,"column":45},"end":{"line":84,"column":1}}},"2":{"name":"(anonymous_3)","decl":{"start":{"line":43,"column":9},"end":{"line":43,"column":10}},"loc":{"start":{"line":43,"column":34},"end":{"line":57,"column":3}}},"3":{"name":"(anonymous_4)","decl":{"start":{"line":59,"column":22},"end":{"line":59,"column":23}},"loc":{"start":{"line":59,"column":41},"end":{"line":81,"column":3}}},"4":{"name":"(anonymous_5)","decl":{"start":{"line":77,"column":28},"end":{"line":77,"column":31}},"loc":{"start":{"line":77,"column":33},"end":{"line":80,"column":5}}}},"branchMap":{"0":{"loc":{"start":{"line":32,"column":2},"end":{"line":40,"column":3}},"type":"if","locations":[{"start":{"line":32,"column":2},"end":{"line":40,"column":3}}]},"1":{"loc":{"start":{"line":44,"column":18},"end":{"line":44,"column":97}},"type":"binary-expr","locations":[{"start":{"line":44,"column":18},"end":{"line":44,"column":56}},{"start":{"line":44,"column":60},"end":{"line":44,"column":97}}]},"2":{"loc":{"start":{"line":46,"column":4},"end":{"line":48,"column":5}},"type":"if","locations":[{"start":{"line":46,"column":4},"end":{"line":48,"column":5}}]},"3":{"loc":{"start":{"line":68,"column":4},"end":{"line":70,"column":5}},"type":"if","locations":[{"start":{"line":68,"column":4},"end":{"line":70,"column":5}}]},"4":{"loc":{"start":{"line":68,"column":8},"end":{"line":68,"column":65}},"type":"binary-expr","locations":[{"start":{"line":68,"column":8},"end":{"line":68,"column":32}},{"start":{"line":68,"column":36},"end":{"line":68,"column":65}}]},"5":{"loc":{"start":{"line":72,"column":4},"end":{"line":74,"column":5}},"type":"if","locations":[{"start":{"line":72,"column":4},"end":{"line":74,"column":5}}]}},"s":{"0":8,"1":8,"2":8,"3":8,"4":8,"5":8,"6":8,"7":8,"8":8,"9":13,"10":6,"11":6,"12":1,"13":1,"14":1,"15":0,"16":1,"17":6,"18":5,"19":5,"20":1,"21":4,"22":4,"23":3,"24":3,"25":1,"26":6,"27":3,"28":3,"29":3,"30":3,"31":2,"32":3,"33":1,"34":3,"35":3,"36":6},"f":{"0":13,"1":6,"2":5,"3":3,"4":3},"b":{"0":[1],"1":[5,5],"2":[1],"3":[2],"4":[3,2],"5":[1]}}
,"D:\\Zippy\\MARCOS\\apps\\backend\\src\\utils\\crypto.ts": {"path":"D:\\Zippy\\MARCOS\\apps\\backend\\src\\utils\\crypto.ts","statementMap":{"0":{"start":{"line":19,"column":0},"end":{"line":19,"column":7}},"1":{"start":{"line":31,"column":0},"end":{"line":31,"column":7}},"2":{"start":{"line":42,"column":0},"end":{"line":42,"column":16}},"3":{"start":{"line":63,"column":0},"end":{"line":63,"column":16}},"4":{"start":{"line":1,"column":0},"end":{"line":1,"column":28}},"5":{"start":{"line":2,"column":0},"end":{"line":2,"column":28}},"6":{"start":{"line":3,"column":0},"end":{"line":3,"column":35}},"7":{"start":{"line":7,"column":25},"end":{"line":14,"column":1}},"8":{"start":{"line":8,"column":14},"end":{"line":8,"column":32}},"9":{"start":{"line":9,"column":2},"end":{"line":11,"column":3}},"10":{"start":{"line":10,"column":4},"end":{"line":10,"column":37}},"11":{"start":{"line":13,"column":2},"end":{"line":13,"column":58}},"12":{"start":{"line":20,"column":2},"end":{"line":25,"column":5}},"13":{"start":{"line":32,"column":2},"end":{"line":36,"column":3}},"14":{"start":{"line":33,"column":4},"end":{"line":33,"column":47}},"15":{"start":{"line":35,"column":4},"end":{"line":35,"column":17}},"16":{"start":{"line":43,"column":2},"end":{"line":57,"column":3}},"17":{"start":{"line":44,"column":16},"end":{"line":44,"column":34}},"18":{"start":{"line":45,"column":15},"end":{"line":45,"column":37}},"19":{"start":{"line":46,"column":19},"end":{"line":46,"column":64}},"20":{"start":{"line":48,"column":20},"end":{"line":48,"column":54}},"21":{"start":{"line":49,"column":4},"end":{"line":49,"column":37}},"22":{"start":{"line":51,"column":16},"end":{"line":51,"column":35}},"23":{"start":{"line":54,"column":4},"end":{"line":54,"column":71}},"24":{"start":{"line":56,"column":4},"end":{"line":56,"column":41}},"25":{"start":{"line":64,"column":2},"end":{"line":86,"column":3}},"26":{"start":{"line":65,"column":16},"end":{"line":65,"column":34}},"27":{"start":{"line":66,"column":18},"end":{"line":66,"column":42}},"28":{"start":{"line":67,"column":4},"end":{"line":70,"column":5}},"29":{"start":{"line":69,"column":6},"end":{"line":69,"column":27}},"30":{"start":{"line":72,"column":15},"end":{"line":72,"column":43}},"31":{"start":{"line":73,"column":16},"end":{"line":73,"column":44}},"32":{"start":{"line":74,"column":22},"end":{"line":74,"column":30}},"33":{"start":{"line":76,"column":21},"end":{"line":76,"column":68}},"34":{"start":{"line":77,"column":4},"end":{"line":77,"column":29}},"35":{"start":{"line":79,"column":20},"end":{"line":79,"column":61}},"36":{"start":{"line":80,"column":4},"end":{"line":80,"column":40}},"37":{"start":{"line":82,"column":4},"end":{"line":82,"column":21}},"38":{"start":{"line":85,"column":4},"end":{"line":85,"column":25}}},"fnMap":{"0":{"name":"(anonymous_1)","decl":{"start":{"line":7,"column":25},"end":{"line":7,"column":36}},"loc":{"start":{"line":7,"column":38},"end":{"line":14,"column":1}}},"1":{"name":"hashPassword","decl":{"start":{"line":19,"column":22},"end":{"line":19,"column":34}},"loc":{"start":{"line":19,"column":51},"end":{"line":26,"column":1}}},"2":{"name":"verifyPassword","decl":{"start":{"line":31,"column":22},"end":{"line":31,"column":36}},"loc":{"start":{"line":31,"column":67},"end":{"line":37,"column":1}}},"3":{"name":"encryptText","decl":{"start":{"line":42,"column":16},"end":{"line":42,"column":27}},"loc":{"start":{"line":42,"column":40},"end":{"line":58,"column":1}}},"4":{"name":"decryptText","decl":{"start":{"line":63,"column":16},"end":{"line":63,"column":27}},"loc":{"start":{"line":63,"column":49},"end":{"line":87,"column":1}}}},"branchMap":{"0":{"loc":{"start":{"line":9,"column":2},"end":{"line":11,"column":3}},"type":"if","locations":[{"start":{"line":9,"column":2},"end":{"line":11,"column":3}}]},"1":{"loc":{"start":{"line":67,"column":4},"end":{"line":70,"column":5}},"type":"if","locations":[{"start":{"line":67,"column":4},"end":{"line":70,"column":5}}]}},"s":{"0":6,"1":6,"2":6,"3":6,"4":6,"5":6,"6":6,"7":6,"8":0,"9":0,"10":0,"11":0,"12":4,"13":4,"14":4,"15":0,"16":0,"17":0,"18":0,"19":0,"20":0,"21":0,"22":0,"23":0,"24":0,"25":0,"26":0,"27":0,"28":0,"29":0,"30":0,"31":0,"32":0,"33":0,"34":0,"35":0,"36":0,"37":0,"38":0},"f":{"0":0,"1":4,"2":4,"3":0,"4":0},"b":{"0":[0],"1":[0]}}
,"D:\\Zippy\\MARCOS\\apps\\backend\\src\\utils\\logger.ts": {"path":"D:\\Zippy\\MARCOS\\apps\\backend\\src\\utils\\logger.ts","statementMap":{"0":{"start":{"line":1,"column":0},"end":{"line":1,"column":30}},"1":{"start":{"line":2,"column":0},"end":{"line":2,"column":35}},"2":{"start":{"line":4,"column":15},"end":{"line":10,"column":2}},"3":{"start":{"line":12,"column":15},"end":{"line":18,"column":2}},"4":{"start":{"line":20,"column":0},"end":{"line":20,"column":26}},"5":{"start":{"line":22,"column":15},"end":{"line":31,"column":null}},"6":{"start":{"line":29,"column":20},"end":{"line":29,"column":128}},"7":{"start":{"line":34,"column":19},"end":{"line":36,"column":2}},"8":{"start":{"line":38,"column":13},"end":{"line":43,"column":3}},"9":{"start":{"line":45,"column":0},"end":{"line":45,"column":22}}},"fnMap":{"0":{"name":"(anonymous_1)","decl":{"start":{"line":29,"column":10},"end":{"line":29,"column":11}},"loc":{"start":{"line":29,"column":20},"end":{"line":29,"column":128}}}},"branchMap":{"0":{"loc":{"start":{"line":24,"column":2},"end":{"line":30,"column":null}},"type":"cond-expr","locations":[{"start":{"line":25,"column":6},"end":{"line":25,"column":27}},{"start":{"line":26,"column":6},"end":{"line":30,"column":null}}]},"1":{"loc":{"start":{"line":29,"column":76},"end":{"line":29,"column":126}},"type":"cond-expr","locations":[{"start":{"line":29,"column":92},"end":{"line":29,"column":121}},{"start":{"line":29,"column":124},"end":{"line":29,"column":126}}]},"2":{"loc":{"start":{"line":39,"column":9},"end":{"line":39,"column":57}},"type":"cond-expr","locations":[{"start":{"line":39,"column":41},"end":{"line":39,"column":47}},{"start":{"line":39,"column":50},"end":{"line":39,"column":57}}]}},"s":{"0":8,"1":8,"2":8,"3":8,"4":8,"5":8,"6":11,"7":8,"8":8,"9":8},"f":{"0":11},"b":{"0":[0,8],"1":[2,9],"2":[0,8]}}
}
