TN:
SF:src\app.ts
FNF:0
FNH:0
DA:1,6
DA:2,6
DA:3,6
DA:4,6
DA:5,6
DA:6,6
DA:7,6
DA:8,6
DA:10,6
DA:13,6
DA:16,6
DA:19,6
DA:23,6
DA:24,6
DA:25,6
DA:28,6
DA:31,6
DA:34,6
DA:37,6
DA:39,6
DA:40,6
LF:21
LH:21
BRF:0
BRH:0
end_of_record
TN:
SF:src\config\db.ts
FNF:0
FNH:0
DA:1,8
DA:7,8
DA:9,8
DA:10,8
DA:13,8
LF:5
LH:5
BRDA:7,0,0,8
BRDA:7,0,1,8
BRDA:9,1,0,8
BRF:3
BRH:3
end_of_record
TN:
SF:src\config\env.ts
FNF:0
FNH:0
DA:1,8
DA:2,8
DA:4,8
DA:6,8
DA:38,8
DA:40,8
DA:41,0
DA:42,0
DA:45,8
DA:47,8
LF:10
LH:8
BRDA:40,0,0,0
BRF:1
BRH:0
end_of_record
TN:
SF:src\config\redis.ts
FN:23,(anonymous_1)
FNF:1
FNH:0
FNDA:0,(anonymous_1)
DA:1,8
DA:2,8
DA:6,8
DA:9,8
DA:10,8
DA:11,8
DA:13,0
DA:18,0
DA:23,8
DA:24,0
DA:28,8
LF:11
LH:8
BRDA:6,0,0,8
BRDA:6,0,1,0
BRF:2
BRH:1
end_of_record
TN:
SF:src\controllers\admin.controller.ts
FN:18,(anonymous_1)
FN:72,(anonymous_2)
FN:80,(anonymous_3)
FN:92,(anonymous_4)
FN:112,(anonymous_5)
FN:134,(anonymous_6)
FNF:6
FNH:0
FNDA:0,(anonymous_1)
FNDA:0,(anonymous_2)
FNDA:0,(anonymous_3)
FNDA:0,(anonymous_4)
FNDA:0,(anonymous_5)
FNDA:0,(anonymous_6)
DA:2,6
DA:3,6
DA:5,6
DA:13,6
DA:19,0
DA:26,0
DA:36,0
DA:39,0
DA:47,0
DA:48,0
DA:50,0
DA:62,0
DA:63,0
DA:65,0
DA:66,0
DA:67,0
DA:68,0
DA:69,0
DA:72,0
DA:73,0
DA:74,0
DA:75,0
DA:76,0
DA:80,0
DA:85,0
DA:92,0
DA:104,0
DA:113,0
DA:114,0
DA:116,0
DA:117,0
DA:121,0
DA:122,0
DA:125,0
DA:126,0
DA:127,0
DA:134,0
DA:135,0
DA:140,0
DA:149,0
DA:162,0
DA:165,0
DA:174,0
LF:43
LH:4
BRDA:36,0,0,0
BRDA:36,0,1,0
BRDA:75,1,0,0
BRDA:95,2,0,0
BRDA:95,2,1,0
BRDA:121,3,0,0
BRDA:126,4,0,0
BRF:7
BRH:0
end_of_record
TN:
SF:src\controllers\appointment.controller.ts
FN:30,(anonymous_1)
FN:87,(anonymous_2)
FN:143,(anonymous_3)
FNF:3
FNH:3
FNDA:3,(anonymous_1)
FNDA:2,(anonymous_2)
FNDA:3,(anonymous_3)
DA:2,6
DA:3,6
DA:4,6
DA:5,6
DA:7,6
DA:17,6
DA:26,6
DA:31,3
DA:32,3
DA:33,3
DA:35,3
DA:36,3
DA:39,3
DA:40,1
DA:43,2
DA:44,0
DA:48,3
DA:49,1
DA:52,3
DA:53,0
DA:54,0
DA:55,0
DA:58,3
DA:69,3
DA:80,0
DA:88,2
DA:89,2
DA:91,2
DA:92,2
DA:95,2
DA:103,2
DA:104,1
DA:110,1
DA:123,1
DA:124,1
DA:125,1
DA:134,1
DA:136,0
DA:144,3
DA:145,3
DA:146,3
DA:148,3
DA:149,3
DA:153,3
DA:154,0
DA:158,3
DA:159,0
DA:163,3
DA:164,2
DA:165,2
DA:166,2
DA:168,2
DA:169,1
DA:177,2
DA:178,1
DA:179,1
DA:181,1
DA:190,1
DA:191,1
DA:198,1
DA:208,1
DA:210,0
LF:62
LH:53
BRDA:32,0,0,3
BRDA:32,1,0,3
BRDA:39,2,0,1
BRDA:39,2,1,2
BRDA:43,3,0,0
BRDA:48,4,0,1
BRDA:52,5,0,0
BRDA:52,6,0,3
BRDA:52,6,1,3
BRDA:54,7,0,0
BRDA:55,8,0,0
BRDA:103,9,0,1
BRDA:124,10,0,1
BRDA:153,11,0,0
BRDA:158,12,0,0
BRDA:158,13,0,3
BRDA:158,13,1,0
BRDA:163,14,0,2
BRDA:163,15,0,3
BRDA:163,15,1,1
BRDA:168,16,0,1
BRDA:177,17,0,1
BRDA:177,18,0,2
BRDA:177,18,1,1
BRDA:178,19,0,1
BRDA:178,19,1,0
BRDA:179,20,0,1
BRDA:179,20,1,0
BRDA:190,21,0,1
BRDA:201,22,0,1
BRDA:201,22,1,0
BRDA:202,23,0,1
BRDA:202,23,1,0
BRDA:203,24,0,1
BRDA:203,24,1,1
BRDA:204,25,0,1
BRDA:204,25,1,0
BRF:37
BRH:25
end_of_record
TN:
SF:src\controllers\auth.controller.ts
FN:36,(anonymous_1)
FN:48,(anonymous_2)
FN:58,(anonymous_3)
FN:116,(anonymous_4)
FN:179,(anonymous_5)
FN:200,(anonymous_6)
FN:207,(anonymous_7)
FN:244,(anonymous_8)
FN:329,(anonymous_9)
FN:361,(anonymous_10)
FNF:10
FNH:9
FNDA:3,(anonymous_1)
FNDA:5,(anonymous_2)
FNDA:1,(anonymous_3)
FNDA:15,(anonymous_4)
FNDA:11,(anonymous_5)
FNDA:0,(anonymous_6)
FNDA:3,(anonymous_7)
FNDA:5,(anonymous_8)
FNDA:3,(anonymous_9)
FNDA:1,(anonymous_10)
DA:2,6
DA:3,6
DA:4,6
DA:5,6
DA:6,6
DA:7,6
DA:8,6
DA:9,6
DA:12,6
DA:24,6
DA:32,6
DA:36,3
DA:43,6
DA:48,5
DA:54,6
DA:59,1
DA:60,1
DA:63,1
DA:69,1
DA:70,0
DA:73,1
DA:76,1
DA:78,1
DA:91,1
DA:98,1
DA:109,0
DA:117,15
DA:118,15
DA:120,15
DA:121,15
DA:122,15
DA:123,11
DA:124,11
DA:127,4
DA:128,4
DA:129,0
DA:130,0
DA:134,4
DA:135,4
DA:137,4
DA:144,4
DA:145,4
DA:147,4
DA:149,1
DA:157,1
DA:164,3
DA:172,0
DA:180,11
DA:181,11
DA:183,11
DA:184,11
DA:186,11
DA:187,11
DA:189,11
DA:191,1
DA:200,0
DA:208,3
DA:209,3
DA:211,3
DA:213,3
DA:214,3
DA:215,1
DA:222,2
DA:223,2
DA:226,2
DA:229,2
DA:230,2
DA:231,0
DA:232,0
DA:235,2
DA:237,0
DA:245,5
DA:246,5
DA:247,5
DA:249,5
DA:251,5
DA:252,5
DA:253,0
DA:256,5
DA:257,5
DA:259,5
DA:261,4
DA:262,4
DA:264,4
DA:266,4
DA:268,1
DA:269,1
DA:270,1
DA:276,3
DA:283,1
DA:284,1
DA:287,1
DA:291,1
DA:292,0
DA:298,1
DA:305,1
DA:306,1
DA:308,1
DA:309,1
DA:317,1
DA:319,0
DA:322,0
DA:330,3
DA:332,3
DA:333,0
DA:336,3
DA:337,3
DA:338,1
DA:340,1
DA:341,0
DA:349,0
DA:351,1
DA:354,2
DA:362,1
DA:363,1
DA:365,1
DA:366,1
DA:367,1
DA:370,1
DA:371,1
DA:372,1
DA:375,1
DA:376,1
DA:378,0
LF:124
LH:107
BRDA:36,0,0,3
BRDA:36,0,1,0
BRDA:48,1,0,5
BRDA:48,1,1,0
BRDA:69,2,0,0
BRDA:86,3,0,1
BRDA:86,3,1,1
BRDA:118,4,0,15
BRDA:118,4,1,11
BRDA:122,5,0,11
BRDA:123,6,0,11
BRDA:123,6,1,0
BRDA:128,7,0,0
BRDA:129,8,0,0
BRDA:129,8,1,0
BRDA:147,9,0,1
BRDA:147,9,1,3
BRDA:147,10,0,4
BRDA:147,10,1,3
BRDA:147,10,2,3
BRDA:186,11,0,1
BRDA:187,12,0,1
BRDA:189,13,0,1
BRDA:189,14,0,11
BRDA:189,14,1,10
BRDA:209,15,0,3
BRDA:209,15,1,0
BRDA:214,16,0,1
BRDA:229,17,0,2
BRDA:229,17,1,0
BRDA:231,18,0,0
BRDA:246,19,0,5
BRDA:246,19,1,0
BRDA:247,20,0,5
BRDA:247,20,1,5
BRDA:252,21,0,0
BRDA:259,22,0,4
BRDA:259,23,0,5
BRDA:259,23,1,5
BRDA:264,24,0,2
BRDA:266,25,0,1
BRDA:288,26,0,1
BRDA:288,26,1,0
BRDA:291,27,0,0
BRDA:308,28,0,1
BRDA:308,28,1,0
BRDA:308,29,0,1
BRDA:308,29,1,0
BRDA:308,29,2,0
BRDA:330,30,0,3
BRDA:330,30,1,3
BRDA:330,30,2,0
BRDA:332,31,0,0
BRDA:338,32,0,1
BRDA:338,32,1,0
BRDA:340,33,0,0
BRDA:340,33,1,1
BRDA:340,34,0,1
BRDA:340,34,1,1
BRDA:340,34,2,1
BRDA:362,35,0,1
BRDA:362,35,1,1
BRDA:362,35,2,0
BRDA:366,36,0,1
BRDA:370,37,0,1
BRDA:370,38,0,1
BRDA:370,38,1,1
BRF:67
BRH:45
end_of_record
TN:
SF:src\controllers\billing.controller.ts
FN:29,(anonymous_1)
FN:34,(anonymous_2)
FN:134,(anonymous_3)
FNF:3
FNH:3
FNDA:2,(anonymous_1)
FNDA:2,(anonymous_2)
FNDA:3,(anonymous_3)
DA:2,6
DA:3,6
DA:4,6
DA:5,6
DA:6,6
DA:7,6
DA:8,6
DA:10,6
DA:24,6
DA:30,2
DA:32,2
DA:34,2
DA:35,2
DA:37,2
DA:38,2
DA:39,2
DA:40,0
DA:43,2
DA:44,1
DA:48,1
DA:49,1
DA:57,1
DA:61,1
DA:62,1
DA:63,1
DA:64,1
DA:66,1
DA:69,1
DA:88,1
DA:89,1
DA:99,1
DA:103,1
DA:106,1
DA:107,1
DA:111,1
DA:112,1
DA:113,1
DA:120,1
DA:126,1
DA:135,3
DA:138,3
DA:139,3
DA:140,0
DA:143,3
DA:144,3
DA:145,3
DA:146,3
DA:147,3
DA:148,3
DA:150,3
DA:151,1
DA:152,1
DA:154,1
DA:156,1
DA:157,1
DA:158,1
DA:159,1
DA:165,0
DA:167,2
DA:168,2
DA:169,2
DA:171,2
DA:172,0
DA:173,0
DA:174,0
DA:175,0
DA:178,2
DA:183,2
DA:184,2
DA:186,2
DA:187,1
DA:189,1
DA:192,2
DA:193,1
DA:194,1
DA:195,1
DA:200,3
DA:201,1
DA:206,2
DA:210,2
DA:211,2
DA:223,2
DA:224,2
DA:225,2
DA:229,2
DA:230,2
DA:231,2
DA:239,2
DA:241,0
LF:89
LH:81
BRDA:39,0,0,0
BRDA:43,1,0,1
BRDA:106,2,0,1
BRDA:112,3,0,1
BRDA:139,4,0,0
BRDA:150,5,0,1
BRDA:150,5,1,2
BRDA:154,6,0,1
BRDA:154,6,1,0
BRDA:154,7,0,1
BRDA:154,7,1,1
BRDA:154,7,2,0
BRDA:158,8,0,1
BRDA:158,8,1,0
BRDA:158,8,2,0
BRDA:159,9,0,1
BRDA:159,9,1,0
BRDA:167,10,0,2
BRDA:171,11,0,0
BRDA:171,11,1,2
BRDA:171,12,0,2
BRDA:171,12,1,2
BRDA:171,12,2,2
BRDA:174,13,0,0
BRDA:174,13,1,0
BRDA:175,14,0,0
BRDA:175,14,1,0
BRDA:184,15,0,2
BRDA:184,15,1,0
BRDA:186,16,0,1
BRDA:186,16,1,1
BRDA:192,17,0,1
BRDA:200,18,0,1
BRDA:210,19,0,2
BRDA:224,20,0,2
BRDA:230,21,0,2
BRF:36
BRH:23
end_of_record
TN:
SF:src\controllers\measurement.controller.ts
FN:48,(anonymous_1)
FN:80,(anonymous_2)
FN:110,(anonymous_3)
FN:125,(anonymous_4)
FN:136,(anonymous_5)
FN:179,(anonymous_6)
FN:197,(anonymous_7)
FN:230,(anonymous_8)
FNF:8
FNH:7
FNDA:5,(anonymous_1)
FNDA:2,(anonymous_2)
FNDA:1,(anonymous_3)
FNDA:1,(anonymous_4)
FNDA:2,(anonymous_5)
FNDA:1,(anonymous_6)
FNDA:2,(anonymous_7)
FNDA:0,(anonymous_8)
DA:2,6
DA:3,6
DA:4,6
DA:6,6
DA:26,6
DA:44,6
DA:49,5
DA:50,5
DA:52,5
DA:53,5
DA:55,5
DA:56,2
DA:57,1
DA:60,1
DA:63,1
DA:67,4
DA:71,4
DA:73,0
DA:81,2
DA:82,2
DA:84,2
DA:85,2
DA:88,2
DA:89,1
DA:92,2
DA:100,2
DA:102,0
DA:111,1
DA:112,1
DA:113,1
DA:115,1
DA:116,1
DA:120,1
DA:121,0
DA:125,1
DA:127,1
DA:133,1
DA:134,1
DA:136,1
DA:137,2
DA:138,2
DA:142,1
DA:152,1
DA:166,1
DA:169,1
DA:171,0
DA:180,1
DA:182,1
DA:183,1
DA:188,1
DA:190,0
DA:198,2
DA:199,2
DA:201,2
DA:202,2
DA:206,2
DA:207,0
DA:211,2
DA:212,1
DA:215,1
DA:220,1
DA:230,0
DA:232,1
DA:237,0
LF:64
LH:56
BRDA:55,0,0,2
BRDA:55,1,0,5
BRDA:55,1,1,4
BRDA:55,1,2,4
BRDA:56,2,0,1
BRDA:56,2,1,1
BRDA:88,3,0,1
BRDA:88,4,0,2
BRDA:88,4,1,1
BRDA:88,4,2,1
BRDA:88,4,3,1
BRDA:120,5,0,0
BRDA:206,6,0,0
BRDA:211,7,0,1
BRDA:211,8,0,2
BRDA:211,8,1,1
BRF:16
BRH:14
end_of_record
TN:
SF:src\controllers\notification.controller.ts
FN:9,(anonymous_1)
FN:44,(anonymous_2)
FN:72,(anonymous_3)
FNF:3
FNH:0
FNDA:0,(anonymous_1)
FNDA:0,(anonymous_2)
FNDA:0,(anonymous_3)
DA:2,6
DA:4,6
DA:10,0
DA:11,0
DA:13,0
DA:14,0
DA:18,0
DA:19,0
DA:22,0
DA:23,0
DA:26,0
DA:34,0
DA:36,0
DA:45,0
DA:47,0
DA:48,0
DA:59,0
DA:64,0
DA:73,0
DA:75,0
DA:76,0
DA:82,0
DA:84,0
LF:23
LH:2
BRDA:18,0,0,0
BRDA:22,1,0,0
BRF:2
BRH:0
end_of_record
TN:
SF:src\controllers\product.controller.ts
FN:33,computeStockStatus
FN:43,(anonymous_2)
FN:92,(anonymous_3)
FN:114,(anonymous_4)
FN:133,(anonymous_5)
FN:170,(anonymous_6)
FNF:6
FNH:6
FNDA:1,computeStockStatus
FNDA:2,(anonymous_2)
FNDA:2,(anonymous_3)
FNDA:2,(anonymous_4)
FNDA:2,(anonymous_5)
FNDA:4,(anonymous_6)
DA:2,6
DA:3,6
DA:7,6
DA:19,6
DA:27,6
DA:33,6
DA:34,1
DA:35,1
DA:36,0
DA:39,6
DA:44,2
DA:45,2
DA:47,2
DA:48,2
DA:50,2
DA:51,1
DA:56,2
DA:57,1
DA:63,2
DA:74,2
DA:85,0
DA:93,2
DA:95,2
DA:96,2
DA:101,2
DA:102,1
DA:105,1
DA:107,0
DA:115,2
DA:116,2
DA:118,2
DA:119,2
DA:124,2
DA:126,0
DA:134,2
DA:135,2
DA:137,2
DA:139,2
DA:140,2
DA:141,2
DA:142,0
DA:146,2
DA:147,1
DA:153,1
DA:161,1
DA:163,0
DA:171,4
DA:173,4
DA:174,4
DA:178,4
DA:179,0
DA:182,4
DA:183,1
DA:186,3
DA:187,1
DA:190,2
DA:191,1
DA:195,1
DA:206,0
LF:59
LH:51
BRDA:34,0,0,0
BRDA:35,1,0,1
BRDA:50,2,0,1
BRDA:56,3,0,1
BRDA:101,4,0,1
BRDA:116,5,0,0
BRDA:135,6,0,0
BRDA:141,7,0,0
BRDA:146,8,0,1
BRDA:178,9,0,0
BRDA:182,10,0,1
BRDA:186,11,0,1
BRDA:190,12,0,1
BRF:13
BRH:8
end_of_record
TN:
SF:src\controllers\visit.controller.ts
FN:27,(anonymous_1)
FN:60,(anonymous_2)
FN:105,(anonymous_3)
FN:142,(anonymous_4)
FNF:4
FNH:4
FNDA:1,(anonymous_1)
FNDA:1,(anonymous_2)
FNDA:4,(anonymous_3)
FNDA:1,(anonymous_4)
DA:2,6
DA:3,6
DA:4,6
DA:5,6
DA:6,6
DA:8,6
DA:16,6
DA:23,6
DA:28,1
DA:29,1
DA:31,1
DA:32,1
DA:42,1
DA:43,1
DA:44,1
DA:50,1
DA:52,0
DA:61,1
DA:62,1
DA:64,1
DA:65,1
DA:66,1
DA:67,0
DA:70,1
DA:71,1
DA:72,0
DA:75,1
DA:85,1
DA:86,1
DA:87,1
DA:94,1
DA:96,0
DA:106,4
DA:107,4
DA:108,4
DA:109,4
DA:111,4
DA:112,4
DA:116,4
DA:117,0
DA:121,4
DA:122,1
DA:125,3
DA:126,2
DA:127,1
DA:131,1
DA:132,1
DA:133,1
DA:134,2
DA:135,2
DA:136,2
DA:137,2
DA:142,1
DA:144,1
DA:150,1
DA:159,1
DA:163,1
DA:164,1
DA:165,1
DA:171,1
DA:175,1
DA:180,1
DA:181,1
DA:182,1
DA:188,1
DA:190,0
LF:66
LH:60
BRDA:43,0,0,1
BRDA:66,1,0,0
BRDA:71,2,0,0
BRDA:71,3,0,1
BRDA:71,3,1,1
BRDA:71,3,2,0
BRDA:86,4,0,1
BRDA:116,5,0,0
BRDA:121,6,0,1
BRDA:121,7,0,4
BRDA:121,7,1,1
BRDA:121,7,2,1
BRDA:125,8,0,2
BRDA:125,9,0,3
BRDA:125,9,1,1
BRDA:126,10,0,1
BRDA:132,11,0,1
BRDA:132,12,0,1
BRDA:132,12,1,1
BRDA:164,13,0,1
BRDA:181,14,0,1
BRF:21
BRH:17
end_of_record
TN:
SF:src\middlewares\auth.middleware.ts
FN:26,authenticate
FN:53,authorize
FN:54,(anonymous_3)
FN:77,(anonymous_4)
FNF:4
FNH:3
FNDA:45,authenticate
FNDA:36,authorize
FNDA:16,(anonymous_3)
FNDA:0,(anonymous_4)
DA:2,6
DA:3,6
DA:4,6
DA:5,6
DA:26,6
DA:27,45
DA:28,45
DA:29,45
DA:30,1
DA:33,44
DA:36,44
DA:37,44
DA:38,1
DA:41,43
DA:42,43
DA:44,43
DA:46,0
DA:53,6
DA:54,36
DA:55,16
DA:56,0
DA:59,16
DA:62,4
DA:63,4
DA:65,2
DA:77,0
DA:82,4
DA:85,12
LF:28
LH:25
BRDA:29,0,0,1
BRDA:29,1,0,45
BRDA:29,1,1,44
BRDA:37,2,0,1
BRDA:55,3,0,0
BRDA:59,4,0,4
BRDA:63,5,0,2
BRF:7
BRH:6
end_of_record
TN:
SF:src\middlewares\error.middleware.ts
FN:9,errorMiddleware
FNF:1
FNH:0
FNDA:0,errorMiddleware
DA:2,6
DA:9,6
DA:15,0
DA:16,0
DA:18,0
DA:26,0
DA:34,6
LF:7
LH:3
BRDA:15,0,0,0
BRDA:15,0,1,0
BRDA:16,1,0,0
BRDA:16,1,1,0
BRDA:29,2,0,0
BRDA:29,2,1,0
BRDA:30,3,0,0
BRDA:30,3,1,0
BRF:8
BRH:0
end_of_record
TN:
SF:src\middlewares\rateLimit.middleware.ts
FN:11,rateLimiter
FN:12,(anonymous_2)
FN:13,(anonymous_3)
FN:59,(anonymous_4)
FN:67,(anonymous_5)
FNF:5
FNH:4
FNDA:12,rateLimiter
FNDA:103,(anonymous_2)
FNDA:0,(anonymous_3)
FNDA:80,(anonymous_4)
FNDA:23,(anonymous_5)
DA:2,6
DA:11,6
DA:12,12
DA:13,103
DA:14,103
DA:15,103
DA:17,103
DA:19,103
DA:20,103
DA:21,103
DA:22,0
DA:28,103
DA:29,103
DA:30,40
DA:33,103
DA:35,0
DA:36,0
DA:39,0
DA:45,103
DA:48,0
DA:49,0
DA:55,6
DA:59,80
DA:63,6
DA:68,23
DA:69,23
LF:26
LH:20
BRDA:13,0,0,103
BRDA:13,0,1,0
BRDA:13,1,0,0
BRDA:13,1,1,0
BRDA:21,2,0,0
BRDA:29,3,0,40
BRDA:33,4,0,0
BRDA:35,5,0,0
BRDA:59,6,0,80
BRDA:59,6,1,0
BRDA:68,7,0,23
BRDA:68,7,1,15
BRDA:68,7,2,0
BRDA:68,7,3,0
BRDA:68,7,4,0
BRF:15
BRH:5
end_of_record
TN:
SF:src\middlewares\upload.middleware.ts
FN:18,detectMimeFromBuffer
FN:54,validateUpload
FN:55,(anonymous_3)
FN:67,(anonymous_4)
FNF:4
FNH:3
FNDA:4,detectMimeFromBuffer
FNDA:6,validateUpload
FNDA:7,(anonymous_3)
FNDA:0,(anonymous_4)
DA:1,6
DA:4,6
DA:7,6
DA:19,4
DA:22,4
DA:23,1
DA:26,3
DA:27,1
DA:30,2
DA:31,0
DA:34,2
DA:37,0
DA:40,2
DA:41,1
DA:44,1
DA:45,0
DA:48,1
DA:54,6
DA:55,6
DA:57,7
DA:59,7
DA:60,0
DA:63,7
DA:64,4
DA:65,4
DA:67,0
DA:68,0
DA:73,7
DA:74,3
DA:77,4
DA:78,4
DA:80,5
DA:81,1
DA:88,4
DA:89,4
DA:90,2
DA:97,1
DA:99,0
DA:100,0
LF:39
LH:31
BRDA:19,0,0,0
BRDA:22,1,0,1
BRDA:22,2,0,4
BRDA:22,2,1,1
BRDA:22,2,2,1
BRDA:26,3,0,1
BRDA:26,4,0,3
BRDA:26,4,1,1
BRDA:26,4,2,1
BRDA:26,4,3,1
BRDA:30,5,0,0
BRDA:30,6,0,2
BRDA:30,6,1,0
BRDA:30,6,2,0
BRDA:30,6,3,0
BRDA:34,7,0,0
BRDA:34,8,0,2
BRDA:34,8,1,1
BRDA:34,8,2,0
BRDA:34,8,3,0
BRDA:34,8,4,0
BRDA:34,8,5,0
BRDA:34,8,6,0
BRDA:34,8,7,0
BRDA:34,8,8,0
BRDA:40,9,0,1
BRDA:40,10,0,2
BRDA:40,10,1,1
BRDA:40,10,2,1
BRDA:40,10,3,1
BRDA:44,11,0,0
BRDA:44,12,0,1
BRDA:44,12,1,0
BRDA:59,13,0,0
BRDA:63,14,0,4
BRDA:64,15,0,4
BRDA:64,15,1,0
BRDA:73,16,0,3
BRDA:80,17,0,1
BRDA:89,18,0,2
BRDA:89,19,0,4
BRDA:89,19,1,3
BRF:42
BRH:25
end_of_record
TN:
SF:src\middlewares\validate.middleware.ts
FN:4,validate
FN:5,(anonymous_1)
FN:22,(anonymous_2)
FNF:3
FNH:3
FNDA:90,validate
FNDA:45,(anonymous_1)
FNDA:4,(anonymous_2)
DA:2,6
DA:4,6
DA:5,90
DA:6,45
DA:7,45
DA:13,44
DA:14,44
DA:15,44
DA:16,44
DA:18,1
DA:19,1
DA:22,4
DA:28,0
DA:33,6
LF:14
LH:13
BRDA:13,0,0,42
BRDA:14,1,0,2
BRDA:15,2,0,0
BRDA:18,3,0,1
BRF:4
BRH:3
end_of_record
TN:
SF:src\queues\jobs.worker.ts
FN:15,initWorker
FN:18,(anonymous_2)
FN:41,(anonymous_3)
FN:46,(anonymous_4)
FN:97,handleGenerateInvoicePdf
FN:160,handleSendNotification
FN:227,handleCreditReferralPoints
FN:241,(anonymous_8)
FNF:8
FNH:6
FNDA:1,initWorker
FNDA:0,(anonymous_2)
FNDA:0,(anonymous_3)
FNDA:1,(anonymous_4)
FNDA:1,handleGenerateInvoicePdf
FNDA:1,handleSendNotification
FNDA:3,handleCreditReferralPoints
FNDA:3,(anonymous_8)
DA:1,1
DA:2,1
DA:3,1
DA:4,1
DA:5,1
DA:6,1
DA:7,1
DA:8,1
DA:9,1
DA:10,1
DA:11,1
DA:15,1
DA:16,1
DA:19,0
DA:21,0
DA:23,0
DA:24,0
DA:26,0
DA:27,0
DA:29,0
DA:30,0
DA:32,0
DA:41,1
DA:42,0
DA:46,1
DA:47,1
DA:49,1
DA:53,1
DA:55,1
DA:69,1
DA:70,1
DA:71,1
DA:80,1
DA:81,1
DA:87,0
DA:91,1
DA:97,1
DA:98,1
DA:108,1
DA:109,0
DA:113,1
DA:121,1
DA:124,1
DA:125,1
DA:128,1
DA:138,1
DA:139,1
DA:160,1
DA:161,1
DA:163,1
DA:164,1
DA:165,1
DA:168,1
DA:169,1
DA:171,1
DA:172,3
DA:173,1
DA:183,3
DA:184,1
DA:187,3
DA:189,1
DA:197,1
DA:205,1
DA:212,1
DA:213,1
DA:214,0
DA:227,1
DA:228,3
DA:232,3
DA:233,0
DA:237,3
DA:238,3
DA:241,3
DA:243,3
DA:244,3
DA:251,3
DA:261,3
DA:269,3
DA:270,2
DA:274,2
DA:275,2
DA:278,2
DA:285,2
DA:294,2
DA:301,2
DA:309,2
LF:86
LH:72
BRDA:21,0,0,0
BRDA:21,0,1,0
BRDA:21,0,2,0
BRDA:21,0,3,0
BRDA:47,1,0,0
BRDA:70,2,0,1
BRDA:80,3,0,1
BRDA:80,4,0,1
BRDA:80,4,1,1
BRDA:108,5,0,0
BRDA:113,6,0,1
BRDA:113,6,1,0
BRDA:138,7,0,1
BRDA:138,8,0,1
BRDA:138,8,1,1
BRDA:140,9,0,1
BRDA:140,9,1,0
BRDA:164,10,0,1
BRDA:168,11,0,1
BRDA:168,11,1,0
BRDA:169,12,0,1
BRDA:169,12,1,0
BRDA:172,13,0,1
BRDA:172,14,0,3
BRDA:172,14,1,1
BRDA:175,15,0,1
BRDA:175,15,1,0
BRDA:176,16,0,1
BRDA:176,16,1,0
BRDA:183,17,0,1
BRDA:183,18,0,3
BRDA:183,18,1,1
BRDA:187,19,0,1
BRDA:187,20,0,3
BRDA:187,20,1,1
BRDA:187,20,2,1
BRDA:213,21,0,0
BRDA:232,22,0,0
BRDA:243,23,0,3
BRDA:269,24,0,2
BRDA:274,25,0,2
BRDA:274,26,0,2
BRDA:274,26,1,2
BRF:43
BRH:29
end_of_record
TN:
SF:src\queues\queue.config.ts
FNF:0
FNH:0
DA:1,1
DA:4,1
DA:6,1
DA:13,1
DA:15,1
LF:5
LH:5
BRDA:7,0,0,1
BRDA:7,0,1,0
BRDA:8,1,0,1
BRDA:8,1,1,0
BRDA:9,2,0,1
BRDA:9,2,1,0
BRDA:10,3,0,1
BRDA:10,3,1,0
BRF:8
BRH:4
end_of_record
TN:
SF:src\routes\admin.routes.ts
FNF:0
FNH:0
DA:1,6
DA:2,6
DA:3,6
DA:4,6
DA:5,6
DA:7,6
DA:10,6
DA:12,6
DA:13,6
DA:15,6
LF:10
LH:10
BRF:0
BRH:0
end_of_record
TN:
SF:src\routes\appointment.routes.ts
FNF:0
FNH:0
DA:1,6
DA:2,6
DA:3,6
DA:4,6
DA:6,6
DA:8,6
DA:9,6
DA:10,6
DA:12,6
LF:9
LH:9
BRF:0
BRH:0
end_of_record
TN:
SF:src\routes\auth.routes.ts
FNF:0
FNH:0
DA:1,6
DA:2,6
DA:3,6
DA:4,6
DA:5,6
DA:7,6
DA:9,6
DA:10,6
DA:11,6
DA:12,6
DA:13,6
DA:14,6
DA:16,6
LF:13
LH:13
BRF:0
BRH:0
end_of_record
TN:
SF:src\routes\billing.routes.ts
FNF:0
FNH:0
DA:1,6
DA:2,6
DA:3,6
DA:4,6
DA:5,6
DA:7,6
DA:10,6
DA:13,6
DA:15,6
LF:9
LH:9
BRF:0
BRH:0
end_of_record
TN:
SF:src\routes\index.ts
FNF:0
FNH:0
DA:1,6
DA:2,6
DA:3,6
DA:4,6
DA:5,6
DA:6,6
DA:7,6
DA:8,6
DA:9,6
DA:11,6
DA:13,6
DA:14,6
DA:15,6
DA:16,6
DA:17,6
DA:18,6
DA:19,6
DA:20,6
DA:22,6
LF:19
LH:19
BRF:0
BRH:0
end_of_record
TN:
SF:src\routes\measurement.routes.ts
FNF:0
FNH:0
DA:1,6
DA:2,6
DA:3,6
DA:4,6
DA:5,6
DA:7,6
DA:9,6
DA:10,6
DA:11,6
DA:14,6
DA:15,6
DA:17,6
LF:12
LH:12
BRF:0
BRH:0
end_of_record
TN:
SF:src\routes\notification.routes.ts
FNF:0
FNH:0
DA:1,6
DA:2,6
DA:3,6
DA:5,6
DA:7,6
DA:9,6
DA:10,6
DA:11,6
DA:13,6
LF:9
LH:9
BRF:0
BRH:0
end_of_record
TN:
SF:src\routes\product.routes.ts
FNF:0
FNH:0
DA:1,6
DA:2,6
DA:3,6
DA:4,6
DA:6,6
DA:9,6
DA:10,6
DA:11,6
DA:14,6
DA:15,6
DA:17,6
LF:11
LH:11
BRF:0
BRH:0
end_of_record
TN:
SF:src\routes\visit.routes.ts
FNF:0
FNH:0
DA:1,6
DA:2,6
DA:3,6
DA:4,6
DA:5,6
DA:6,6
DA:8,6
DA:10,6
DA:13,6
DA:16,6
DA:25,6
LF:11
LH:11
BRF:0
BRH:0
end_of_record
TN:
SF:src\services\auth.service.ts
FN:31,(anonymous_1)
FN:38,(anonymous_2)
FN:63,(anonymous_3)
FN:115,(anonymous_4)
FN:137,(anonymous_5)
FN:143,(anonymous_6)
FN:162,(anonymous_7)
FNF:7
FNH:6
FNDA:55,(anonymous_1)
FNDA:6,(anonymous_2)
FNDA:3,(anonymous_3)
FNDA:1,(anonymous_4)
FNDA:0,(anonymous_5)
FNDA:1,(anonymous_6)
FNDA:1,(anonymous_7)
DA:1,7
DA:2,7
DA:3,7
DA:4,7
DA:5,7
DA:22,7
DA:24,7
DA:26,7
DA:32,55
DA:39,6
DA:40,6
DA:42,6
DA:44,6
DA:52,6
DA:53,6
DA:54,6
DA:56,6
DA:64,3
DA:65,3
DA:66,1
DA:69,2
DA:72,2
DA:73,1
DA:74,1
DA:78,1
DA:79,1
DA:82,1
DA:86,1
DA:87,0
DA:90,1
DA:97,1
DA:98,1
DA:100,1
DA:116,1
DA:119,1
DA:120,1
DA:121,2
DA:123,1
DA:124,1
DA:127,1
DA:137,0
DA:145,1
DA:146,1
DA:147,1
DA:148,1
DA:149,1
DA:150,1
DA:155,0
DA:163,1
DA:164,1
DA:165,1
DA:166,1
DA:167,1
DA:172,7
LF:54
LH:51
BRDA:39,0,0,6
BRDA:39,0,1,5
BRDA:65,1,0,1
BRDA:72,2,0,1
BRDA:86,3,0,0
BRDA:147,4,0,1
BRDA:147,5,0,1
BRDA:147,5,1,1
BRDA:149,6,0,1
BRDA:164,7,0,1
BRF:10
BRH:9
end_of_record
TN:
SF:src\services\pdf.service.ts
FN:8,(anonymous_1)
FN:9,(anonymous_2)
FN:14,(anonymous_3)
FN:15,(anonymous_4)
FN:16,(anonymous_5)
FN:64,(anonymous_6)
FNF:6
FNH:5
FNDA:1,(anonymous_1)
FNDA:1,(anonymous_2)
FNDA:65,(anonymous_3)
FNDA:1,(anonymous_4)
FNDA:0,(anonymous_5)
FNDA:1,(anonymous_6)
DA:1,1
DA:2,1
DA:4,1
DA:9,1
DA:10,1
DA:11,1
DA:12,1
DA:14,65
DA:15,1
DA:16,1
DA:17,0
DA:18,0
DA:22,1
DA:23,1
DA:25,1
DA:26,1
DA:27,1
DA:29,1
DA:32,1
DA:35,1
DA:36,1
DA:37,1
DA:42,1
DA:43,1
DA:48,1
DA:51,1
DA:52,1
DA:54,1
DA:61,1
DA:63,1
DA:64,1
DA:65,1
DA:71,1
DA:72,1
DA:76,1
DA:77,1
DA:81,1
DA:84,1
DA:88,1
DA:89,1
DA:92,1
DA:95,1
DA:97,1
DA:99,0
DA:105,1
LF:45
LH:42
BRDA:46,0,0,1
BRDA:46,0,1,1
BRDA:63,1,0,1
BRDA:63,1,1,0
BRF:4
BRH:3
end_of_record
TN:
SF:src\socket\socket.adapter.ts
FN:5,createRedisAdapter
FN:12,(anonymous_2)
FN:16,(anonymous_3)
FNF:3
FNH:0
FNDA:0,createRedisAdapter
FNDA:0,(anonymous_2)
FNDA:0,(anonymous_3)
DA:1,7
DA:2,7
DA:3,7
DA:5,7
DA:6,0
DA:10,0
DA:12,0
DA:13,0
DA:16,0
DA:17,0
DA:20,0
LF:11
LH:4
BRF:0
BRH:0
end_of_record
TN:
SF:src\socket\socket.handler.ts
FN:18,getIO
FN:22,initSocket
FN:43,(anonymous_3)
FN:59,(anonymous_4)
FN:77,(anonymous_5)
FNF:5
FNH:5
FNDA:13,getIO
FNDA:6,initSocket
FNDA:5,(anonymous_3)
FNDA:3,(anonymous_4)
FNDA:3,(anonymous_5)
DA:1,8
DA:3,8
DA:4,8
DA:5,8
DA:6,8
DA:7,8
DA:9,8
DA:18,8
DA:19,13
DA:22,8
DA:23,6
DA:32,6
DA:33,1
DA:34,1
DA:35,1
DA:36,0
DA:38,1
DA:43,6
DA:44,5
DA:46,5
DA:47,1
DA:50,4
DA:51,4
DA:52,3
DA:53,3
DA:55,1
DA:59,6
DA:60,3
DA:62,3
DA:65,3
DA:68,3
DA:69,2
DA:72,3
DA:73,1
DA:77,3
DA:78,3
DA:83,6
LF:37
LH:36
BRDA:32,0,0,1
BRDA:44,1,0,5
BRDA:44,1,1,5
BRDA:46,2,0,1
BRDA:68,3,0,2
BRDA:68,4,0,3
BRDA:68,4,1,2
BRDA:72,5,0,1
BRF:8
BRH:8
end_of_record
TN:
SF:src\utils\crypto.ts
FN:7,(anonymous_1)
FN:19,hashPassword
FN:31,verifyPassword
FN:42,encryptText
FN:63,decryptText
FNF:5
FNH:2
FNDA:0,(anonymous_1)
FNDA:4,hashPassword
FNDA:4,verifyPassword
FNDA:0,encryptText
FNDA:0,decryptText
DA:1,6
DA:2,6
DA:3,6
DA:7,6
DA:8,0
DA:9,0
DA:10,0
DA:13,0
DA:19,6
DA:20,4
DA:31,6
DA:32,4
DA:33,4
DA:35,0
DA:42,6
DA:43,0
DA:44,0
DA:45,0
DA:46,0
DA:48,0
DA:49,0
DA:51,0
DA:54,0
DA:56,0
DA:63,6
DA:64,0
DA:65,0
DA:66,0
DA:67,0
DA:69,0
DA:72,0
DA:73,0
DA:74,0
DA:76,0
DA:77,0
DA:79,0
DA:80,0
DA:82,0
DA:85,0
LF:39
LH:11
BRDA:9,0,0,0
BRDA:67,1,0,0
BRF:2
BRH:0
end_of_record
TN:
SF:src\utils\logger.ts
FN:29,(anonymous_1)
FNF:1
FNH:1
FNDA:11,(anonymous_1)
DA:1,8
DA:2,8
DA:4,8
DA:12,8
DA:20,8
DA:22,8
DA:29,11
DA:34,8
DA:38,8
DA:45,8
LF:10
LH:10
BRDA:24,0,0,0
BRDA:24,0,1,8
BRDA:29,1,0,2
BRDA:29,1,1,9
BRDA:39,2,0,0
BRDA:39,2,1,8
BRF:6
BRH:4
end_of_record
